21:26:20 INFO  : Launching XSCT server: xsct.bat -n  -interactive C:\Users\georgewaller\Desktop\CameraProcessor\temp_xsdb_launch_script.tcl
21:26:20 INFO  : Registering command handlers for Vitis TCF services
21:26:24 INFO  : Platform repository initialization has completed.
21:26:24 INFO  : XSCT server has started successfully.
21:26:24 INFO  : plnx-install-location is set to ''
21:26:25 INFO  : Successfully done setting XSCT server connection channel  
21:26:25 INFO  : Successfully done query RDI_DATADIR 
21:26:25 INFO  : Successfully done setting workspace for the tool. 
21:27:13 INFO  : Result from executing command 'getProjects': camera
21:27:13 INFO  : Result from executing command 'getPlatforms': 
21:27:13 WARN  : An unexpected exception occurred in the module 'platform project logging'
21:27:14 INFO  : Platform 'camera' is added to custom repositories.
21:27:42 INFO  : Platform 'camera' is added to custom repositories.
21:28:41 INFO  : Result from executing command 'getProjects': camera
21:28:41 INFO  : Result from executing command 'getPlatforms': camera|C:/Users/georgewaller/Desktop/CameraProcessor/camera/export/camera/camera.xpfm
21:28:41 INFO  : Checking for BSP changes to sync application flags for project 'pss'...
21:29:00 INFO  : Connected to target on host '127.0.0.1' and port '3121'.
21:29:01 INFO  : Jtag cable 'Digilent JTAG-HS3 210299A8DD1E' is selected.
21:29:01 INFO  : 'jtag frequency' command is executed.
21:29:01 INFO  : Context for 'APU' is selected.
21:29:02 INFO  : System reset is completed.
21:29:05 INFO  : 'after 3000' command is executed.
21:29:05 INFO  : 'targets -set -filter {jtag_cable_name =~ "Digilent JTAG-HS3 210299A8DD1E" && level==0 && jtag_device_ctx=="jsn-JTAG-HS3-210299A8DD1E-23728093-0"}' command is executed.
21:29:09 INFO  : Device configured successfully with "C:/Users/georgewaller/Desktop/CameraProcessor/pss/_ide/bitstream/camera.bit"
21:29:10 INFO  : Context for 'APU' is selected.
21:29:10 INFO  : Hardware design and registers information is loaded from 'C:/Users/georgewaller/Desktop/CameraProcessor/camera/export/camera/hw/camera.xsa'.
21:29:10 INFO  : 'configparams force-mem-access 1' command is executed.
21:29:10 INFO  : Context for 'APU' is selected.
21:29:10 INFO  : Sourcing of 'C:/Users/georgewaller/Desktop/CameraProcessor/pss/_ide/psinit/ps7_init.tcl' is done.
21:29:13 INFO  : 'ps7_init' command is executed.
21:29:13 INFO  : 'ps7_post_config' command is executed.
21:29:13 INFO  : Context for processor 'ps7_cortexa9_0' is selected.
21:29:14 INFO  : The application 'C:/Users/georgewaller/Desktop/CameraProcessor/pss/Debug/pss.elf' is downloaded to processor 'ps7_cortexa9_0'.
21:29:15 INFO  : 'configparams force-mem-access 0' command is executed.
21:29:15 INFO  : ----------------XSDB Script----------------
connect -url tcp:127.0.0.1:3121
targets -set -nocase -filter {name =~"APU*"}
rst -system
after 3000
targets -set -filter {jtag_cable_name =~ "Digilent JTAG-HS3 210299A8DD1E" && level==0 && jtag_device_ctx=="jsn-JTAG-HS3-210299A8DD1E-23728093-0"}
fpga -file C:/Users/georgewaller/Desktop/CameraProcessor/pss/_ide/bitstream/camera.bit
targets -set -nocase -filter {name =~"APU*"}
loadhw -hw C:/Users/georgewaller/Desktop/CameraProcessor/camera/export/camera/hw/camera.xsa -mem-ranges [list {0x40000000 0xbfffffff}] -regs
configparams force-mem-access 1
targets -set -nocase -filter {name =~"APU*"}
source C:/Users/georgewaller/Desktop/CameraProcessor/pss/_ide/psinit/ps7_init.tcl
ps7_init
ps7_post_config
targets -set -nocase -filter {name =~ "*A9*#0"}
dow C:/Users/georgewaller/Desktop/CameraProcessor/pss/Debug/pss.elf
configparams force-mem-access 0
----------------End of Script----------------

21:29:15 INFO  : Context for processor 'ps7_cortexa9_0' is selected.
21:29:15 INFO  : 'con' command is executed.
21:29:15 INFO  : ----------------XSDB Script (After Launch)----------------
targets -set -nocase -filter {name =~ "*A9*#0"}
con
----------------End of Script----------------

21:29:15 INFO  : Launch script is exported to file 'C:\Users\georgewaller\Desktop\CameraProcessor\pss_system\_ide\scripts\systemdebugger_pss_system_standalone.tcl'
21:30:51 INFO  : Example project xgpiops_polled_example_1 has been created successfully.
21:37:25 INFO  : Result from executing command 'getProjects': camera
21:37:25 INFO  : Result from executing command 'getPlatforms': camera|C:/Users/georgewaller/Desktop/CameraProcessor/camera/export/camera/camera.xpfm
21:37:26 INFO  : Checking for BSP changes to sync application flags for project 'pss'...
21:37:36 INFO  : Checking for BSP changes to sync application flags for project 'xgpiops_polled_example_1'...
21:37:55 INFO  : Checking for BSP changes to sync application flags for project 'pss'...
21:38:04 INFO  : Checking for BSP changes to sync application flags for project 'xgpiops_polled_example_1'...
21:40:14 INFO  : Checking for BSP changes to sync application flags for project 'pss'...
21:40:25 INFO  : Checking for BSP changes to sync application flags for project 'xgpiops_polled_example_1'...
21:41:29 INFO  : Checking for BSP changes to sync application flags for project 'pss'...
21:41:39 INFO  : Checking for BSP changes to sync application flags for project 'xgpiops_polled_example_1'...
21:59:05 INFO  : Result from executing command 'getProjects': camera
21:59:05 INFO  : Result from executing command 'getPlatforms': camera|C:/Users/georgewaller/Desktop/CameraProcessor/camera/export/camera/camera.xpfm
21:59:06 INFO  : Checking for BSP changes to sync application flags for project 'pss'...
21:59:14 INFO  : Checking for BSP changes to sync application flags for project 'xgpiops_polled_example_1'...
21:59:16 INFO  : Checking for BSP changes to sync application flags for project 'pss'...
21:59:26 INFO  : Checking for BSP changes to sync application flags for project 'xgpiops_polled_example_1'...
21:59:59 INFO  : Checking for BSP changes to sync application flags for project 'pss'...
22:00:09 INFO  : Checking for BSP changes to sync application flags for project 'xgpiops_polled_example_1'...
22:00:38 INFO  : Disconnected from the channel tcfchan#3.
22:00:42 INFO  : Connected to target on host '127.0.0.1' and port '3121'.
22:00:43 INFO  : Jtag cable 'Digilent JTAG-HS3 210299A8DD1E' is selected.
22:00:43 INFO  : 'jtag frequency' command is executed.
22:00:43 INFO  : Context for 'APU' is selected.
22:00:43 INFO  : System reset is completed.
22:00:46 INFO  : 'after 3000' command is executed.
22:00:46 INFO  : 'targets -set -filter {jtag_cable_name =~ "Digilent JTAG-HS3 210299A8DD1E" && level==0 && jtag_device_ctx=="jsn-JTAG-HS3-210299A8DD1E-23728093-0"}' command is executed.
22:00:49 INFO  : Device configured successfully with "C:/Users/georgewaller/Desktop/CameraProcessor/pss/_ide/bitstream/camera.bit"
22:00:49 INFO  : Context for 'APU' is selected.
22:00:49 INFO  : Hardware design and registers information is loaded from 'C:/Users/georgewaller/Desktop/CameraProcessor/camera/export/camera/hw/camera.xsa'.
22:00:49 INFO  : 'configparams force-mem-access 1' command is executed.
22:00:49 INFO  : Context for 'APU' is selected.
22:00:49 INFO  : Sourcing of 'C:/Users/georgewaller/Desktop/CameraProcessor/pss/_ide/psinit/ps7_init.tcl' is done.
22:00:50 INFO  : 'ps7_init' command is executed.
22:00:51 INFO  : 'ps7_post_config' command is executed.
22:00:51 INFO  : Context for processor 'ps7_cortexa9_0' is selected.
22:00:51 INFO  : The application 'C:/Users/georgewaller/Desktop/CameraProcessor/pss/Debug/pss.elf' is downloaded to processor 'ps7_cortexa9_0'.
22:00:52 INFO  : 'configparams force-mem-access 0' command is executed.
22:00:52 INFO  : ----------------XSDB Script----------------
connect -url tcp:127.0.0.1:3121
targets -set -nocase -filter {name =~"APU*"}
rst -system
after 3000
targets -set -filter {jtag_cable_name =~ "Digilent JTAG-HS3 210299A8DD1E" && level==0 && jtag_device_ctx=="jsn-JTAG-HS3-210299A8DD1E-23728093-0"}
fpga -file C:/Users/georgewaller/Desktop/CameraProcessor/pss/_ide/bitstream/camera.bit
targets -set -nocase -filter {name =~"APU*"}
loadhw -hw C:/Users/georgewaller/Desktop/CameraProcessor/camera/export/camera/hw/camera.xsa -mem-ranges [list {0x40000000 0xbfffffff}] -regs
configparams force-mem-access 1
targets -set -nocase -filter {name =~"APU*"}
source C:/Users/georgewaller/Desktop/CameraProcessor/pss/_ide/psinit/ps7_init.tcl
ps7_init
ps7_post_config
targets -set -nocase -filter {name =~ "*A9*#0"}
dow C:/Users/georgewaller/Desktop/CameraProcessor/pss/Debug/pss.elf
configparams force-mem-access 0
----------------End of Script----------------

22:00:52 INFO  : Context for processor 'ps7_cortexa9_0' is selected.
22:00:52 INFO  : 'con' command is executed.
22:00:52 INFO  : ----------------XSDB Script (After Launch)----------------
targets -set -nocase -filter {name =~ "*A9*#0"}
con
----------------End of Script----------------

22:00:52 INFO  : Launch script is exported to file 'C:\Users\georgewaller\Desktop\CameraProcessor\pss_system\_ide\scripts\systemdebugger_pss_system_standalone.tcl'
22:01:16 INFO  : Disconnected from the channel tcfchan#19.
22:01:16 INFO  : Connected to target on host '127.0.0.1' and port '3121'.
22:01:16 INFO  : Jtag cable 'Digilent JTAG-HS3 210299A8DD1E' is selected.
22:01:16 INFO  : 'jtag frequency' command is executed.
22:01:16 INFO  : Context for 'APU' is selected.
22:01:17 INFO  : System reset is completed.
22:01:20 INFO  : 'after 3000' command is executed.
22:01:20 INFO  : 'targets -set -filter {jtag_cable_name =~ "Digilent JTAG-HS3 210299A8DD1E" && level==0 && jtag_device_ctx=="jsn-JTAG-HS3-210299A8DD1E-23728093-0"}' command is executed.
22:01:23 INFO  : Device configured successfully with "C:/Users/georgewaller/Desktop/CameraProcessor/pss/_ide/bitstream/camera.bit"
22:01:23 INFO  : Context for 'APU' is selected.
22:01:23 INFO  : Hardware design and registers information is loaded from 'C:/Users/georgewaller/Desktop/CameraProcessor/camera/export/camera/hw/camera.xsa'.
22:01:23 INFO  : 'configparams force-mem-access 1' command is executed.
22:01:23 INFO  : Context for 'APU' is selected.
22:01:23 INFO  : Sourcing of 'C:/Users/georgewaller/Desktop/CameraProcessor/pss/_ide/psinit/ps7_init.tcl' is done.
22:01:24 INFO  : 'ps7_init' command is executed.
22:01:24 INFO  : 'ps7_post_config' command is executed.
22:01:24 INFO  : Context for processor 'ps7_cortexa9_0' is selected.
22:01:25 INFO  : The application 'C:/Users/georgewaller/Desktop/CameraProcessor/pss/Debug/pss.elf' is downloaded to processor 'ps7_cortexa9_0'.
22:01:26 INFO  : 'configparams force-mem-access 0' command is executed.
22:01:26 INFO  : ----------------XSDB Script----------------
connect -url tcp:127.0.0.1:3121
targets -set -nocase -filter {name =~"APU*"}
rst -system
after 3000
targets -set -filter {jtag_cable_name =~ "Digilent JTAG-HS3 210299A8DD1E" && level==0 && jtag_device_ctx=="jsn-JTAG-HS3-210299A8DD1E-23728093-0"}
fpga -file C:/Users/georgewaller/Desktop/CameraProcessor/pss/_ide/bitstream/camera.bit
targets -set -nocase -filter {name =~"APU*"}
loadhw -hw C:/Users/georgewaller/Desktop/CameraProcessor/camera/export/camera/hw/camera.xsa -mem-ranges [list {0x40000000 0xbfffffff}] -regs
configparams force-mem-access 1
targets -set -nocase -filter {name =~"APU*"}
source C:/Users/georgewaller/Desktop/CameraProcessor/pss/_ide/psinit/ps7_init.tcl
ps7_init
ps7_post_config
targets -set -nocase -filter {name =~ "*A9*#0"}
dow C:/Users/georgewaller/Desktop/CameraProcessor/pss/Debug/pss.elf
configparams force-mem-access 0
----------------End of Script----------------

22:01:26 INFO  : Context for processor 'ps7_cortexa9_0' is selected.
22:01:26 INFO  : 'con' command is executed.
22:01:26 INFO  : ----------------XSDB Script (After Launch)----------------
targets -set -nocase -filter {name =~ "*A9*#0"}
con
----------------End of Script----------------

22:01:26 INFO  : Launch script is exported to file 'C:\Users\georgewaller\Desktop\CameraProcessor\pss_system\_ide\scripts\systemdebugger_pss_system_standalone.tcl'
22:05:47 INFO  : Checking for BSP changes to sync application flags for project 'pss'...
22:05:57 INFO  : Checking for BSP changes to sync application flags for project 'xgpiops_polled_example_1'...
22:06:10 INFO  : Disconnected from the channel tcfchan#20.
22:06:10 INFO  : Connected to target on host '127.0.0.1' and port '3121'.
22:06:10 INFO  : Jtag cable 'Digilent JTAG-HS3 210299A8DD1E' is selected.
22:06:10 INFO  : 'jtag frequency' command is executed.
22:06:10 INFO  : Context for 'APU' is selected.
22:06:11 INFO  : System reset is completed.
22:06:14 INFO  : 'after 3000' command is executed.
22:06:14 INFO  : 'targets -set -filter {jtag_cable_name =~ "Digilent JTAG-HS3 210299A8DD1E" && level==0 && jtag_device_ctx=="jsn-JTAG-HS3-210299A8DD1E-23728093-0"}' command is executed.
22:06:18 INFO  : Device configured successfully with "C:/Users/georgewaller/Desktop/CameraProcessor/pss/_ide/bitstream/camera.bit"
22:06:18 INFO  : Context for 'APU' is selected.
22:06:18 INFO  : Hardware design and registers information is loaded from 'C:/Users/georgewaller/Desktop/CameraProcessor/camera/export/camera/hw/camera.xsa'.
22:06:18 INFO  : 'configparams force-mem-access 1' command is executed.
22:06:18 INFO  : Context for 'APU' is selected.
22:06:18 INFO  : Sourcing of 'C:/Users/georgewaller/Desktop/CameraProcessor/pss/_ide/psinit/ps7_init.tcl' is done.
22:06:21 INFO  : 'ps7_init' command is executed.
22:06:21 INFO  : 'ps7_post_config' command is executed.
22:06:21 INFO  : Context for processor 'ps7_cortexa9_0' is selected.
22:06:23 INFO  : The application 'C:/Users/georgewaller/Desktop/CameraProcessor/pss/Debug/pss.elf' is downloaded to processor 'ps7_cortexa9_0'.
22:06:23 INFO  : 'configparams force-mem-access 0' command is executed.
22:06:23 INFO  : ----------------XSDB Script----------------
connect -url tcp:127.0.0.1:3121
targets -set -nocase -filter {name =~"APU*"}
rst -system
after 3000
targets -set -filter {jtag_cable_name =~ "Digilent JTAG-HS3 210299A8DD1E" && level==0 && jtag_device_ctx=="jsn-JTAG-HS3-210299A8DD1E-23728093-0"}
fpga -file C:/Users/georgewaller/Desktop/CameraProcessor/pss/_ide/bitstream/camera.bit
targets -set -nocase -filter {name =~"APU*"}
loadhw -hw C:/Users/georgewaller/Desktop/CameraProcessor/camera/export/camera/hw/camera.xsa -mem-ranges [list {0x40000000 0xbfffffff}] -regs
configparams force-mem-access 1
targets -set -nocase -filter {name =~"APU*"}
source C:/Users/georgewaller/Desktop/CameraProcessor/pss/_ide/psinit/ps7_init.tcl
ps7_init
ps7_post_config
targets -set -nocase -filter {name =~ "*A9*#0"}
dow C:/Users/georgewaller/Desktop/CameraProcessor/pss/Debug/pss.elf
configparams force-mem-access 0
----------------End of Script----------------

22:06:23 INFO  : Context for processor 'ps7_cortexa9_0' is selected.
22:06:23 INFO  : 'con' command is executed.
22:06:23 INFO  : ----------------XSDB Script (After Launch)----------------
targets -set -nocase -filter {name =~ "*A9*#0"}
con
----------------End of Script----------------

22:06:23 INFO  : Launch script is exported to file 'C:\Users\georgewaller\Desktop\CameraProcessor\pss_system\_ide\scripts\systemdebugger_pss_system_standalone.tcl'
22:07:20 INFO  : Checking for BSP changes to sync application flags for project 'pss'...
22:07:30 INFO  : Checking for BSP changes to sync application flags for project 'xgpiops_polled_example_1'...
22:07:43 INFO  : Disconnected from the channel tcfchan#23.
22:07:43 INFO  : Connected to target on host '127.0.0.1' and port '3121'.
22:07:44 INFO  : Jtag cable 'Digilent JTAG-HS3 210299A8DD1E' is selected.
22:07:44 INFO  : 'jtag frequency' command is executed.
22:07:44 INFO  : Context for 'APU' is selected.
22:07:44 INFO  : System reset is completed.
22:07:47 INFO  : 'after 3000' command is executed.
22:07:48 INFO  : 'targets -set -filter {jtag_cable_name =~ "Digilent JTAG-HS3 210299A8DD1E" && level==0 && jtag_device_ctx=="jsn-JTAG-HS3-210299A8DD1E-23728093-0"}' command is executed.
22:07:50 INFO  : Device configured successfully with "C:/Users/georgewaller/Desktop/CameraProcessor/pss/_ide/bitstream/camera.bit"
22:07:50 INFO  : Context for 'APU' is selected.
22:07:50 INFO  : Hardware design and registers information is loaded from 'C:/Users/georgewaller/Desktop/CameraProcessor/camera/export/camera/hw/camera.xsa'.
22:07:50 INFO  : 'configparams force-mem-access 1' command is executed.
22:07:50 INFO  : Context for 'APU' is selected.
22:07:50 INFO  : Sourcing of 'C:/Users/georgewaller/Desktop/CameraProcessor/pss/_ide/psinit/ps7_init.tcl' is done.
22:07:52 INFO  : 'ps7_init' command is executed.
22:07:52 INFO  : 'ps7_post_config' command is executed.
22:07:52 INFO  : Context for processor 'ps7_cortexa9_0' is selected.
22:07:53 INFO  : The application 'C:/Users/georgewaller/Desktop/CameraProcessor/pss/Debug/pss.elf' is downloaded to processor 'ps7_cortexa9_0'.
22:07:53 INFO  : 'configparams force-mem-access 0' command is executed.
22:07:53 INFO  : ----------------XSDB Script----------------
connect -url tcp:127.0.0.1:3121
targets -set -nocase -filter {name =~"APU*"}
rst -system
after 3000
targets -set -filter {jtag_cable_name =~ "Digilent JTAG-HS3 210299A8DD1E" && level==0 && jtag_device_ctx=="jsn-JTAG-HS3-210299A8DD1E-23728093-0"}
fpga -file C:/Users/georgewaller/Desktop/CameraProcessor/pss/_ide/bitstream/camera.bit
targets -set -nocase -filter {name =~"APU*"}
loadhw -hw C:/Users/georgewaller/Desktop/CameraProcessor/camera/export/camera/hw/camera.xsa -mem-ranges [list {0x40000000 0xbfffffff}] -regs
configparams force-mem-access 1
targets -set -nocase -filter {name =~"APU*"}
source C:/Users/georgewaller/Desktop/CameraProcessor/pss/_ide/psinit/ps7_init.tcl
ps7_init
ps7_post_config
targets -set -nocase -filter {name =~ "*A9*#0"}
dow C:/Users/georgewaller/Desktop/CameraProcessor/pss/Debug/pss.elf
configparams force-mem-access 0
----------------End of Script----------------

22:07:53 INFO  : Context for processor 'ps7_cortexa9_0' is selected.
22:07:53 INFO  : 'con' command is executed.
22:07:53 INFO  : ----------------XSDB Script (After Launch)----------------
targets -set -nocase -filter {name =~ "*A9*#0"}
con
----------------End of Script----------------

22:07:53 INFO  : Launch script is exported to file 'C:\Users\georgewaller\Desktop\CameraProcessor\pss_system\_ide\scripts\systemdebugger_pss_system_standalone.tcl'
22:22:34 INFO  : Checking for BSP changes to sync application flags for project 'pss'...
22:22:42 INFO  : Checking for BSP changes to sync application flags for project 'xgpiops_polled_example_1'...
22:23:36 INFO  : Checking for BSP changes to sync application flags for project 'pss'...
22:23:45 INFO  : Checking for BSP changes to sync application flags for project 'xgpiops_polled_example_1'...
22:29:36 INFO  : Checking for BSP changes to sync application flags for project 'pss'...
22:29:45 INFO  : Checking for BSP changes to sync application flags for project 'xgpiops_polled_example_1'...
22:30:43 INFO  : Checking for BSP changes to sync application flags for project 'pss'...
22:30:52 INFO  : Checking for BSP changes to sync application flags for project 'xgpiops_polled_example_1'...
22:31:15 INFO  : Disconnected from the channel tcfchan#26.
22:31:16 INFO  : Connected to target on host '127.0.0.1' and port '3121'.
22:31:16 INFO  : Jtag cable 'Digilent JTAG-HS3 210299A8DD1E' is selected.
22:31:16 INFO  : 'jtag frequency' command is executed.
22:31:16 INFO  : Context for 'APU' is selected.
22:31:17 INFO  : System reset is completed.
22:31:20 INFO  : 'after 3000' command is executed.
22:31:20 INFO  : 'targets -set -filter {jtag_cable_name =~ "Digilent JTAG-HS3 210299A8DD1E" && level==0 && jtag_device_ctx=="jsn-JTAG-HS3-210299A8DD1E-23728093-0"}' command is executed.
22:31:22 INFO  : Device configured successfully with "C:/Users/georgewaller/Desktop/CameraProcessor/pss/_ide/bitstream/camera.bit"
22:31:22 INFO  : Context for 'APU' is selected.
22:31:22 INFO  : Hardware design and registers information is loaded from 'C:/Users/georgewaller/Desktop/CameraProcessor/camera/export/camera/hw/camera.xsa'.
22:31:22 INFO  : 'configparams force-mem-access 1' command is executed.
22:31:22 INFO  : Context for 'APU' is selected.
22:31:22 INFO  : Sourcing of 'C:/Users/georgewaller/Desktop/CameraProcessor/pss/_ide/psinit/ps7_init.tcl' is done.
22:31:24 INFO  : 'ps7_init' command is executed.
22:31:24 INFO  : 'ps7_post_config' command is executed.
22:31:24 INFO  : Context for processor 'ps7_cortexa9_0' is selected.
22:31:25 INFO  : The application 'C:/Users/georgewaller/Desktop/CameraProcessor/pss/Debug/pss.elf' is downloaded to processor 'ps7_cortexa9_0'.
22:31:25 INFO  : 'configparams force-mem-access 0' command is executed.
22:31:25 INFO  : ----------------XSDB Script----------------
connect -url tcp:127.0.0.1:3121
targets -set -nocase -filter {name =~"APU*"}
rst -system
after 3000
targets -set -filter {jtag_cable_name =~ "Digilent JTAG-HS3 210299A8DD1E" && level==0 && jtag_device_ctx=="jsn-JTAG-HS3-210299A8DD1E-23728093-0"}
fpga -file C:/Users/georgewaller/Desktop/CameraProcessor/pss/_ide/bitstream/camera.bit
targets -set -nocase -filter {name =~"APU*"}
loadhw -hw C:/Users/georgewaller/Desktop/CameraProcessor/camera/export/camera/hw/camera.xsa -mem-ranges [list {0x40000000 0xbfffffff}] -regs
configparams force-mem-access 1
targets -set -nocase -filter {name =~"APU*"}
source C:/Users/georgewaller/Desktop/CameraProcessor/pss/_ide/psinit/ps7_init.tcl
ps7_init
ps7_post_config
targets -set -nocase -filter {name =~ "*A9*#0"}
dow C:/Users/georgewaller/Desktop/CameraProcessor/pss/Debug/pss.elf
configparams force-mem-access 0
----------------End of Script----------------

22:31:25 INFO  : Context for processor 'ps7_cortexa9_0' is selected.
22:31:25 INFO  : 'con' command is executed.
22:31:25 INFO  : ----------------XSDB Script (After Launch)----------------
targets -set -nocase -filter {name =~ "*A9*#0"}
con
----------------End of Script----------------

22:31:25 INFO  : Launch script is exported to file 'C:\Users\georgewaller\Desktop\CameraProcessor\pss_system\_ide\scripts\systemdebugger_pss_system_standalone.tcl'
22:31:49 INFO  : Disconnected from the channel tcfchan#35.
22:32:11 INFO  : Checking for BSP changes to sync application flags for project 'pss'...
22:32:20 INFO  : Checking for BSP changes to sync application flags for project 'xgpiops_polled_example_1'...
22:32:41 INFO  : Connected to target on host '127.0.0.1' and port '3121'.
22:32:42 INFO  : Jtag cable 'Digilent JTAG-HS3 210299A8DD1E' is selected.
22:32:42 INFO  : 'jtag frequency' command is executed.
22:32:42 INFO  : Context for 'APU' is selected.
22:32:43 INFO  : System reset is completed.
22:32:46 INFO  : 'after 3000' command is executed.
22:32:46 INFO  : 'targets -set -filter {jtag_cable_name =~ "Digilent JTAG-HS3 210299A8DD1E" && level==0 && jtag_device_ctx=="jsn-JTAG-HS3-210299A8DD1E-23728093-0"}' command is executed.
22:32:49 INFO  : Device configured successfully with "C:/Users/georgewaller/Desktop/CameraProcessor/pss/_ide/bitstream/camera.bit"
22:32:49 INFO  : Context for 'APU' is selected.
22:32:49 INFO  : Hardware design and registers information is loaded from 'C:/Users/georgewaller/Desktop/CameraProcessor/camera/export/camera/hw/camera.xsa'.
22:32:49 INFO  : 'configparams force-mem-access 1' command is executed.
22:32:49 INFO  : Context for 'APU' is selected.
22:32:49 INFO  : Sourcing of 'C:/Users/georgewaller/Desktop/CameraProcessor/pss/_ide/psinit/ps7_init.tcl' is done.
22:32:50 INFO  : 'ps7_init' command is executed.
22:32:50 INFO  : 'ps7_post_config' command is executed.
22:32:50 INFO  : Context for processor 'ps7_cortexa9_0' is selected.
22:32:51 INFO  : The application 'C:/Users/georgewaller/Desktop/CameraProcessor/pss/Debug/pss.elf' is downloaded to processor 'ps7_cortexa9_0'.
22:32:51 INFO  : 'configparams force-mem-access 0' command is executed.
22:32:51 INFO  : ----------------XSDB Script----------------
connect -url tcp:127.0.0.1:3121
targets -set -nocase -filter {name =~"APU*"}
rst -system
after 3000
targets -set -filter {jtag_cable_name =~ "Digilent JTAG-HS3 210299A8DD1E" && level==0 && jtag_device_ctx=="jsn-JTAG-HS3-210299A8DD1E-23728093-0"}
fpga -file C:/Users/georgewaller/Desktop/CameraProcessor/pss/_ide/bitstream/camera.bit
targets -set -nocase -filter {name =~"APU*"}
loadhw -hw C:/Users/georgewaller/Desktop/CameraProcessor/camera/export/camera/hw/camera.xsa -mem-ranges [list {0x40000000 0xbfffffff}] -regs
configparams force-mem-access 1
targets -set -nocase -filter {name =~"APU*"}
source C:/Users/georgewaller/Desktop/CameraProcessor/pss/_ide/psinit/ps7_init.tcl
ps7_init
ps7_post_config
targets -set -nocase -filter {name =~ "*A9*#0"}
dow C:/Users/georgewaller/Desktop/CameraProcessor/pss/Debug/pss.elf
configparams force-mem-access 0
----------------End of Script----------------

22:32:52 INFO  : Context for processor 'ps7_cortexa9_0' is selected.
22:32:52 INFO  : 'con' command is executed.
22:32:52 INFO  : ----------------XSDB Script (After Launch)----------------
targets -set -nocase -filter {name =~ "*A9*#0"}
con
----------------End of Script----------------

22:32:52 INFO  : Launch script is exported to file 'C:\Users\georgewaller\Desktop\CameraProcessor\pss_system\_ide\scripts\systemdebugger_pss_system_standalone.tcl'
22:33:14 INFO  : Disconnected from the channel tcfchan#38.
22:33:14 INFO  : Connected to target on host '127.0.0.1' and port '3121'.
22:33:15 INFO  : Jtag cable 'Digilent JTAG-HS3 210299A8DD1E' is selected.
22:33:15 INFO  : 'jtag frequency' command is executed.
22:33:15 INFO  : Context for 'APU' is selected.
22:33:15 INFO  : System reset is completed.
22:33:18 INFO  : 'after 3000' command is executed.
22:33:18 INFO  : 'targets -set -filter {jtag_cable_name =~ "Digilent JTAG-HS3 210299A8DD1E" && level==0 && jtag_device_ctx=="jsn-JTAG-HS3-210299A8DD1E-23728093-0"}' command is executed.
22:33:21 INFO  : Device configured successfully with "C:/Users/georgewaller/Desktop/CameraProcessor/pss/_ide/bitstream/camera.bit"
22:33:21 INFO  : Context for 'APU' is selected.
22:33:21 INFO  : Hardware design and registers information is loaded from 'C:/Users/georgewaller/Desktop/CameraProcessor/camera/export/camera/hw/camera.xsa'.
22:33:21 INFO  : 'configparams force-mem-access 1' command is executed.
22:33:21 INFO  : Context for 'APU' is selected.
22:33:21 INFO  : Sourcing of 'C:/Users/georgewaller/Desktop/CameraProcessor/pss/_ide/psinit/ps7_init.tcl' is done.
22:33:23 INFO  : 'ps7_init' command is executed.
22:33:23 INFO  : 'ps7_post_config' command is executed.
22:33:23 INFO  : Context for processor 'ps7_cortexa9_0' is selected.
22:33:23 INFO  : The application 'C:/Users/georgewaller/Desktop/CameraProcessor/pss/Debug/pss.elf' is downloaded to processor 'ps7_cortexa9_0'.
22:33:24 INFO  : 'configparams force-mem-access 0' command is executed.
22:33:24 INFO  : ----------------XSDB Script----------------
connect -url tcp:127.0.0.1:3121
targets -set -nocase -filter {name =~"APU*"}
rst -system
after 3000
targets -set -filter {jtag_cable_name =~ "Digilent JTAG-HS3 210299A8DD1E" && level==0 && jtag_device_ctx=="jsn-JTAG-HS3-210299A8DD1E-23728093-0"}
fpga -file C:/Users/georgewaller/Desktop/CameraProcessor/pss/_ide/bitstream/camera.bit
targets -set -nocase -filter {name =~"APU*"}
loadhw -hw C:/Users/georgewaller/Desktop/CameraProcessor/camera/export/camera/hw/camera.xsa -mem-ranges [list {0x40000000 0xbfffffff}] -regs
configparams force-mem-access 1
targets -set -nocase -filter {name =~"APU*"}
source C:/Users/georgewaller/Desktop/CameraProcessor/pss/_ide/psinit/ps7_init.tcl
ps7_init
ps7_post_config
targets -set -nocase -filter {name =~ "*A9*#0"}
dow C:/Users/georgewaller/Desktop/CameraProcessor/pss/Debug/pss.elf
configparams force-mem-access 0
----------------End of Script----------------

22:33:24 INFO  : Context for processor 'ps7_cortexa9_0' is selected.
22:33:24 INFO  : 'con' command is executed.
22:33:24 INFO  : ----------------XSDB Script (After Launch)----------------
targets -set -nocase -filter {name =~ "*A9*#0"}
con
----------------End of Script----------------

22:33:24 INFO  : Launch script is exported to file 'C:\Users\georgewaller\Desktop\CameraProcessor\pss_system\_ide\scripts\systemdebugger_pss_system_standalone.tcl'
22:34:10 INFO  : Checking for BSP changes to sync application flags for project 'pss'...
22:34:19 INFO  : Checking for BSP changes to sync application flags for project 'xgpiops_polled_example_1'...
22:34:34 INFO  : Checking for BSP changes to sync application flags for project 'pss'...
22:34:42 INFO  : Checking for BSP changes to sync application flags for project 'xgpiops_polled_example_1'...
22:35:23 INFO  : Checking for BSP changes to sync application flags for project 'pss'...
22:35:43 INFO  : Disconnected from the channel tcfchan#39.
22:35:43 INFO  : Connected to target on host '127.0.0.1' and port '3121'.
22:35:43 INFO  : Jtag cable 'Digilent JTAG-HS3 210299A8DD1E' is selected.
22:35:43 INFO  : 'jtag frequency' command is executed.
22:35:43 INFO  : Context for 'APU' is selected.
22:35:44 INFO  : System reset is completed.
22:35:47 INFO  : 'after 3000' command is executed.
22:35:47 INFO  : 'targets -set -filter {jtag_cable_name =~ "Digilent JTAG-HS3 210299A8DD1E" && level==0 && jtag_device_ctx=="jsn-JTAG-HS3-210299A8DD1E-23728093-0"}' command is executed.
22:35:50 INFO  : Device configured successfully with "C:/Users/georgewaller/Desktop/CameraProcessor/pss/_ide/bitstream/camera.bit"
22:35:50 INFO  : Context for 'APU' is selected.
22:35:50 INFO  : Hardware design and registers information is loaded from 'C:/Users/georgewaller/Desktop/CameraProcessor/camera/export/camera/hw/camera.xsa'.
22:35:50 INFO  : 'configparams force-mem-access 1' command is executed.
22:35:50 INFO  : Context for 'APU' is selected.
22:35:50 INFO  : Sourcing of 'C:/Users/georgewaller/Desktop/CameraProcessor/pss/_ide/psinit/ps7_init.tcl' is done.
22:35:51 INFO  : 'ps7_init' command is executed.
22:35:51 INFO  : 'ps7_post_config' command is executed.
22:35:51 INFO  : Context for processor 'ps7_cortexa9_0' is selected.
22:35:52 INFO  : The application 'C:/Users/georgewaller/Desktop/CameraProcessor/pss/Debug/pss.elf' is downloaded to processor 'ps7_cortexa9_0'.
22:35:52 INFO  : 'configparams force-mem-access 0' command is executed.
22:35:52 INFO  : ----------------XSDB Script----------------
connect -url tcp:127.0.0.1:3121
targets -set -nocase -filter {name =~"APU*"}
rst -system
after 3000
targets -set -filter {jtag_cable_name =~ "Digilent JTAG-HS3 210299A8DD1E" && level==0 && jtag_device_ctx=="jsn-JTAG-HS3-210299A8DD1E-23728093-0"}
fpga -file C:/Users/georgewaller/Desktop/CameraProcessor/pss/_ide/bitstream/camera.bit
targets -set -nocase -filter {name =~"APU*"}
loadhw -hw C:/Users/georgewaller/Desktop/CameraProcessor/camera/export/camera/hw/camera.xsa -mem-ranges [list {0x40000000 0xbfffffff}] -regs
configparams force-mem-access 1
targets -set -nocase -filter {name =~"APU*"}
source C:/Users/georgewaller/Desktop/CameraProcessor/pss/_ide/psinit/ps7_init.tcl
ps7_init
ps7_post_config
targets -set -nocase -filter {name =~ "*A9*#0"}
dow C:/Users/georgewaller/Desktop/CameraProcessor/pss/Debug/pss.elf
configparams force-mem-access 0
----------------End of Script----------------

22:35:52 INFO  : Context for processor 'ps7_cortexa9_0' is selected.
22:35:52 INFO  : 'con' command is executed.
22:35:52 INFO  : ----------------XSDB Script (After Launch)----------------
targets -set -nocase -filter {name =~ "*A9*#0"}
con
----------------End of Script----------------

22:35:52 INFO  : Launch script is exported to file 'C:\Users\georgewaller\Desktop\CameraProcessor\pss_system\_ide\scripts\systemdebugger_pss_system_standalone.tcl'
22:38:53 INFO  : Checking for BSP changes to sync application flags for project 'pss'...
22:39:02 INFO  : Checking for BSP changes to sync application flags for project 'xgpiops_polled_example_1'...
22:39:14 INFO  : Disconnected from the channel tcfchan#45.
22:39:15 INFO  : Connected to target on host '127.0.0.1' and port '3121'.
22:39:15 INFO  : Jtag cable 'Digilent JTAG-HS3 210299A8DD1E' is selected.
22:39:15 INFO  : 'jtag frequency' command is executed.
22:39:15 INFO  : Context for 'APU' is selected.
22:39:15 INFO  : System reset is completed.
22:39:18 INFO  : 'after 3000' command is executed.
22:39:19 INFO  : 'targets -set -filter {jtag_cable_name =~ "Digilent JTAG-HS3 210299A8DD1E" && level==0 && jtag_device_ctx=="jsn-JTAG-HS3-210299A8DD1E-23728093-0"}' command is executed.
22:39:21 INFO  : Device configured successfully with "C:/Users/georgewaller/Desktop/CameraProcessor/pss/_ide/bitstream/camera.bit"
22:39:21 INFO  : Context for 'APU' is selected.
22:39:21 INFO  : Hardware design and registers information is loaded from 'C:/Users/georgewaller/Desktop/CameraProcessor/camera/export/camera/hw/camera.xsa'.
22:39:21 INFO  : 'configparams force-mem-access 1' command is executed.
22:39:21 INFO  : Context for 'APU' is selected.
22:39:21 INFO  : Sourcing of 'C:/Users/georgewaller/Desktop/CameraProcessor/pss/_ide/psinit/ps7_init.tcl' is done.
22:39:23 INFO  : 'ps7_init' command is executed.
22:39:23 INFO  : 'ps7_post_config' command is executed.
22:39:23 INFO  : Context for processor 'ps7_cortexa9_0' is selected.
22:39:24 INFO  : The application 'C:/Users/georgewaller/Desktop/CameraProcessor/pss/Debug/pss.elf' is downloaded to processor 'ps7_cortexa9_0'.
22:39:24 INFO  : 'configparams force-mem-access 0' command is executed.
22:39:24 INFO  : ----------------XSDB Script----------------
connect -url tcp:127.0.0.1:3121
targets -set -nocase -filter {name =~"APU*"}
rst -system
after 3000
targets -set -filter {jtag_cable_name =~ "Digilent JTAG-HS3 210299A8DD1E" && level==0 && jtag_device_ctx=="jsn-JTAG-HS3-210299A8DD1E-23728093-0"}
fpga -file C:/Users/georgewaller/Desktop/CameraProcessor/pss/_ide/bitstream/camera.bit
targets -set -nocase -filter {name =~"APU*"}
loadhw -hw C:/Users/georgewaller/Desktop/CameraProcessor/camera/export/camera/hw/camera.xsa -mem-ranges [list {0x40000000 0xbfffffff}] -regs
configparams force-mem-access 1
targets -set -nocase -filter {name =~"APU*"}
source C:/Users/georgewaller/Desktop/CameraProcessor/pss/_ide/psinit/ps7_init.tcl
ps7_init
ps7_post_config
targets -set -nocase -filter {name =~ "*A9*#0"}
dow C:/Users/georgewaller/Desktop/CameraProcessor/pss/Debug/pss.elf
configparams force-mem-access 0
----------------End of Script----------------

22:39:24 INFO  : Context for processor 'ps7_cortexa9_0' is selected.
22:39:24 INFO  : 'con' command is executed.
22:39:24 INFO  : ----------------XSDB Script (After Launch)----------------
targets -set -nocase -filter {name =~ "*A9*#0"}
con
----------------End of Script----------------

22:39:24 INFO  : Launch script is exported to file 'C:\Users\georgewaller\Desktop\CameraProcessor\pss_system\_ide\scripts\systemdebugger_pss_system_standalone.tcl'
22:44:48 INFO  : Checking for BSP changes to sync application flags for project 'pss'...
22:44:58 INFO  : Checking for BSP changes to sync application flags for project 'xgpiops_polled_example_1'...
22:45:14 INFO  : Disconnected from the channel tcfchan#48.
22:45:14 INFO  : Connected to target on host '127.0.0.1' and port '3121'.
22:45:15 INFO  : Jtag cable 'Digilent JTAG-HS3 210299A8DD1E' is selected.
22:45:15 INFO  : 'jtag frequency' command is executed.
22:45:15 INFO  : Context for 'APU' is selected.
22:45:15 INFO  : System reset is completed.
22:45:18 INFO  : 'after 3000' command is executed.
22:45:19 INFO  : 'targets -set -filter {jtag_cable_name =~ "Digilent JTAG-HS3 210299A8DD1E" && level==0 && jtag_device_ctx=="jsn-JTAG-HS3-210299A8DD1E-23728093-0"}' command is executed.
22:45:21 INFO  : Device configured successfully with "C:/Users/georgewaller/Desktop/CameraProcessor/pss/_ide/bitstream/camera.bit"
22:45:21 INFO  : Context for 'APU' is selected.
22:45:21 INFO  : Hardware design and registers information is loaded from 'C:/Users/georgewaller/Desktop/CameraProcessor/camera/export/camera/hw/camera.xsa'.
22:45:21 INFO  : 'configparams force-mem-access 1' command is executed.
22:45:21 INFO  : Context for 'APU' is selected.
22:45:21 INFO  : Sourcing of 'C:/Users/georgewaller/Desktop/CameraProcessor/pss/_ide/psinit/ps7_init.tcl' is done.
22:45:23 INFO  : 'ps7_init' command is executed.
22:45:23 INFO  : 'ps7_post_config' command is executed.
22:45:23 INFO  : Context for processor 'ps7_cortexa9_0' is selected.
22:45:24 INFO  : The application 'C:/Users/georgewaller/Desktop/CameraProcessor/pss/Debug/pss.elf' is downloaded to processor 'ps7_cortexa9_0'.
22:45:24 INFO  : 'configparams force-mem-access 0' command is executed.
22:45:24 INFO  : ----------------XSDB Script----------------
connect -url tcp:127.0.0.1:3121
targets -set -nocase -filter {name =~"APU*"}
rst -system
after 3000
targets -set -filter {jtag_cable_name =~ "Digilent JTAG-HS3 210299A8DD1E" && level==0 && jtag_device_ctx=="jsn-JTAG-HS3-210299A8DD1E-23728093-0"}
fpga -file C:/Users/georgewaller/Desktop/CameraProcessor/pss/_ide/bitstream/camera.bit
targets -set -nocase -filter {name =~"APU*"}
loadhw -hw C:/Users/georgewaller/Desktop/CameraProcessor/camera/export/camera/hw/camera.xsa -mem-ranges [list {0x40000000 0xbfffffff}] -regs
configparams force-mem-access 1
targets -set -nocase -filter {name =~"APU*"}
source C:/Users/georgewaller/Desktop/CameraProcessor/pss/_ide/psinit/ps7_init.tcl
ps7_init
ps7_post_config
targets -set -nocase -filter {name =~ "*A9*#0"}
dow C:/Users/georgewaller/Desktop/CameraProcessor/pss/Debug/pss.elf
configparams force-mem-access 0
----------------End of Script----------------

22:45:24 INFO  : Context for processor 'ps7_cortexa9_0' is selected.
22:45:24 INFO  : 'con' command is executed.
22:45:24 INFO  : ----------------XSDB Script (After Launch)----------------
targets -set -nocase -filter {name =~ "*A9*#0"}
con
----------------End of Script----------------

22:45:24 INFO  : Launch script is exported to file 'C:\Users\georgewaller\Desktop\CameraProcessor\pss_system\_ide\scripts\systemdebugger_pss_system_standalone.tcl'
22:52:51 INFO  : Checking for BSP changes to sync application flags for project 'pss'...
22:53:00 INFO  : Checking for BSP changes to sync application flags for project 'xgpiops_polled_example_1'...
22:53:15 INFO  : Checking for BSP changes to sync application flags for project 'pss'...
22:53:24 INFO  : Checking for BSP changes to sync application flags for project 'xgpiops_polled_example_1'...
22:53:36 INFO  : Disconnected from the channel tcfchan#51.
22:53:37 INFO  : Connected to target on host '127.0.0.1' and port '3121'.
22:53:37 INFO  : Jtag cable 'Digilent JTAG-HS3 210299A8DD1E' is selected.
22:53:37 INFO  : 'jtag frequency' command is executed.
22:53:37 INFO  : Context for 'APU' is selected.
22:53:38 INFO  : System reset is completed.
22:53:41 INFO  : 'after 3000' command is executed.
22:53:41 INFO  : 'targets -set -filter {jtag_cable_name =~ "Digilent JTAG-HS3 210299A8DD1E" && level==0 && jtag_device_ctx=="jsn-JTAG-HS3-210299A8DD1E-23728093-0"}' command is executed.
22:53:43 INFO  : Device configured successfully with "C:/Users/georgewaller/Desktop/CameraProcessor/pss/_ide/bitstream/camera.bit"
22:53:43 INFO  : Context for 'APU' is selected.
22:53:44 INFO  : Hardware design and registers information is loaded from 'C:/Users/georgewaller/Desktop/CameraProcessor/camera/export/camera/hw/camera.xsa'.
22:53:44 INFO  : 'configparams force-mem-access 1' command is executed.
22:53:44 INFO  : Context for 'APU' is selected.
22:53:44 INFO  : Sourcing of 'C:/Users/georgewaller/Desktop/CameraProcessor/pss/_ide/psinit/ps7_init.tcl' is done.
22:53:45 INFO  : 'ps7_init' command is executed.
22:53:45 INFO  : 'ps7_post_config' command is executed.
22:53:45 INFO  : Context for processor 'ps7_cortexa9_0' is selected.
22:53:46 INFO  : The application 'C:/Users/georgewaller/Desktop/CameraProcessor/pss/Debug/pss.elf' is downloaded to processor 'ps7_cortexa9_0'.
22:53:46 INFO  : 'configparams force-mem-access 0' command is executed.
22:53:46 INFO  : ----------------XSDB Script----------------
connect -url tcp:127.0.0.1:3121
targets -set -nocase -filter {name =~"APU*"}
rst -system
after 3000
targets -set -filter {jtag_cable_name =~ "Digilent JTAG-HS3 210299A8DD1E" && level==0 && jtag_device_ctx=="jsn-JTAG-HS3-210299A8DD1E-23728093-0"}
fpga -file C:/Users/georgewaller/Desktop/CameraProcessor/pss/_ide/bitstream/camera.bit
targets -set -nocase -filter {name =~"APU*"}
loadhw -hw C:/Users/georgewaller/Desktop/CameraProcessor/camera/export/camera/hw/camera.xsa -mem-ranges [list {0x40000000 0xbfffffff}] -regs
configparams force-mem-access 1
targets -set -nocase -filter {name =~"APU*"}
source C:/Users/georgewaller/Desktop/CameraProcessor/pss/_ide/psinit/ps7_init.tcl
ps7_init
ps7_post_config
targets -set -nocase -filter {name =~ "*A9*#0"}
dow C:/Users/georgewaller/Desktop/CameraProcessor/pss/Debug/pss.elf
configparams force-mem-access 0
----------------End of Script----------------

22:53:46 INFO  : Context for processor 'ps7_cortexa9_0' is selected.
22:53:46 INFO  : 'con' command is executed.
22:53:46 INFO  : ----------------XSDB Script (After Launch)----------------
targets -set -nocase -filter {name =~ "*A9*#0"}
con
----------------End of Script----------------

22:53:46 INFO  : Launch script is exported to file 'C:\Users\georgewaller\Desktop\CameraProcessor\pss_system\_ide\scripts\systemdebugger_pss_system_standalone.tcl'
22:57:34 INFO  : Checking for BSP changes to sync application flags for project 'pss'...
22:57:43 INFO  : Checking for BSP changes to sync application flags for project 'xgpiops_polled_example_1'...
22:57:56 INFO  : Disconnected from the channel tcfchan#56.
22:57:56 INFO  : Connected to target on host '127.0.0.1' and port '3121'.
22:57:56 INFO  : Jtag cable 'Digilent JTAG-HS3 210299A8DD1E' is selected.
22:57:56 INFO  : 'jtag frequency' command is executed.
22:57:56 INFO  : Context for 'APU' is selected.
22:57:57 INFO  : System reset is completed.
22:58:00 INFO  : 'after 3000' command is executed.
22:58:00 INFO  : 'targets -set -filter {jtag_cable_name =~ "Digilent JTAG-HS3 210299A8DD1E" && level==0 && jtag_device_ctx=="jsn-JTAG-HS3-210299A8DD1E-23728093-0"}' command is executed.
22:58:03 INFO  : Device configured successfully with "C:/Users/georgewaller/Desktop/CameraProcessor/pss/_ide/bitstream/camera.bit"
22:58:03 INFO  : Context for 'APU' is selected.
22:58:03 INFO  : Hardware design and registers information is loaded from 'C:/Users/georgewaller/Desktop/CameraProcessor/camera/export/camera/hw/camera.xsa'.
22:58:03 INFO  : 'configparams force-mem-access 1' command is executed.
22:58:03 INFO  : Context for 'APU' is selected.
22:58:03 INFO  : Sourcing of 'C:/Users/georgewaller/Desktop/CameraProcessor/pss/_ide/psinit/ps7_init.tcl' is done.
22:58:04 INFO  : 'ps7_init' command is executed.
22:58:04 INFO  : 'ps7_post_config' command is executed.
22:58:04 INFO  : Context for processor 'ps7_cortexa9_0' is selected.
22:58:05 INFO  : The application 'C:/Users/georgewaller/Desktop/CameraProcessor/pss/Debug/pss.elf' is downloaded to processor 'ps7_cortexa9_0'.
22:58:06 INFO  : 'configparams force-mem-access 0' command is executed.
22:58:06 INFO  : ----------------XSDB Script----------------
connect -url tcp:127.0.0.1:3121
targets -set -nocase -filter {name =~"APU*"}
rst -system
after 3000
targets -set -filter {jtag_cable_name =~ "Digilent JTAG-HS3 210299A8DD1E" && level==0 && jtag_device_ctx=="jsn-JTAG-HS3-210299A8DD1E-23728093-0"}
fpga -file C:/Users/georgewaller/Desktop/CameraProcessor/pss/_ide/bitstream/camera.bit
targets -set -nocase -filter {name =~"APU*"}
loadhw -hw C:/Users/georgewaller/Desktop/CameraProcessor/camera/export/camera/hw/camera.xsa -mem-ranges [list {0x40000000 0xbfffffff}] -regs
configparams force-mem-access 1
targets -set -nocase -filter {name =~"APU*"}
source C:/Users/georgewaller/Desktop/CameraProcessor/pss/_ide/psinit/ps7_init.tcl
ps7_init
ps7_post_config
targets -set -nocase -filter {name =~ "*A9*#0"}
dow C:/Users/georgewaller/Desktop/CameraProcessor/pss/Debug/pss.elf
configparams force-mem-access 0
----------------End of Script----------------

22:58:06 INFO  : Context for processor 'ps7_cortexa9_0' is selected.
22:58:06 INFO  : 'con' command is executed.
22:58:06 INFO  : ----------------XSDB Script (After Launch)----------------
targets -set -nocase -filter {name =~ "*A9*#0"}
con
----------------End of Script----------------

22:58:06 INFO  : Launch script is exported to file 'C:\Users\georgewaller\Desktop\CameraProcessor\pss_system\_ide\scripts\systemdebugger_pss_system_standalone.tcl'
23:08:25 INFO  : Disconnected from the channel tcfchan#59.
23:08:25 INFO  : Connected to target on host '127.0.0.1' and port '3121'.
23:08:25 INFO  : Jtag cable 'Digilent JTAG-HS3 210299A8DD1E' is selected.
23:08:25 INFO  : 'jtag frequency' command is executed.
23:08:25 INFO  : Context for 'APU' is selected.
23:08:26 INFO  : System reset is completed.
23:08:29 INFO  : 'after 3000' command is executed.
23:08:29 INFO  : 'targets -set -filter {jtag_cable_name =~ "Digilent JTAG-HS3 210299A8DD1E" && level==0 && jtag_device_ctx=="jsn-JTAG-HS3-210299A8DD1E-23728093-0"}' command is executed.
23:08:32 INFO  : Device configured successfully with "C:/Users/georgewaller/Desktop/CameraProcessor/pss/_ide/bitstream/camera.bit"
23:08:32 INFO  : Context for 'APU' is selected.
23:08:32 INFO  : Hardware design and registers information is loaded from 'C:/Users/georgewaller/Desktop/CameraProcessor/camera/export/camera/hw/camera.xsa'.
23:08:32 INFO  : 'configparams force-mem-access 1' command is executed.
23:08:32 INFO  : Context for 'APU' is selected.
23:08:32 INFO  : Sourcing of 'C:/Users/georgewaller/Desktop/CameraProcessor/pss/_ide/psinit/ps7_init.tcl' is done.
23:08:34 INFO  : 'ps7_init' command is executed.
23:08:34 INFO  : 'ps7_post_config' command is executed.
23:08:34 INFO  : Context for processor 'ps7_cortexa9_0' is selected.
23:08:35 INFO  : The application 'C:/Users/georgewaller/Desktop/CameraProcessor/pss/Debug/pss.elf' is downloaded to processor 'ps7_cortexa9_0'.
23:08:35 INFO  : 'configparams force-mem-access 0' command is executed.
23:08:35 INFO  : ----------------XSDB Script----------------
connect -url tcp:127.0.0.1:3121
targets -set -nocase -filter {name =~"APU*"}
rst -system
after 3000
targets -set -filter {jtag_cable_name =~ "Digilent JTAG-HS3 210299A8DD1E" && level==0 && jtag_device_ctx=="jsn-JTAG-HS3-210299A8DD1E-23728093-0"}
fpga -file C:/Users/georgewaller/Desktop/CameraProcessor/pss/_ide/bitstream/camera.bit
targets -set -nocase -filter {name =~"APU*"}
loadhw -hw C:/Users/georgewaller/Desktop/CameraProcessor/camera/export/camera/hw/camera.xsa -mem-ranges [list {0x40000000 0xbfffffff}] -regs
configparams force-mem-access 1
targets -set -nocase -filter {name =~"APU*"}
source C:/Users/georgewaller/Desktop/CameraProcessor/pss/_ide/psinit/ps7_init.tcl
ps7_init
ps7_post_config
targets -set -nocase -filter {name =~ "*A9*#0"}
dow C:/Users/georgewaller/Desktop/CameraProcessor/pss/Debug/pss.elf
configparams force-mem-access 0
----------------End of Script----------------

23:08:35 INFO  : Context for processor 'ps7_cortexa9_0' is selected.
23:08:35 INFO  : 'con' command is executed.
23:08:35 INFO  : ----------------XSDB Script (After Launch)----------------
targets -set -nocase -filter {name =~ "*A9*#0"}
con
----------------End of Script----------------

23:08:35 INFO  : Launch script is exported to file 'C:\Users\georgewaller\Desktop\CameraProcessor\pss_system\_ide\scripts\systemdebugger_pss_system_standalone.tcl'
21:27:51 INFO  : Checking for BSP changes to sync application flags for project 'pss'...
21:42:21 INFO  : Launching XSCT server: xsct.bat -n  -interactive C:\Users\georgewaller\Desktop\CameraProcessor\temp_xsdb_launch_script.tcl
21:42:33 INFO  : XSCT server has started successfully.
21:42:33 INFO  : plnx-install-location is set to ''
21:42:33 INFO  : Successfully done setting XSCT server connection channel  
21:42:33 INFO  : Successfully done setting workspace for the tool. 
21:42:50 INFO  : Platform repository initialization has completed.
21:42:50 INFO  : Registering command handlers for Vitis TCF services
21:43:06 INFO  : Successfully done query RDI_DATADIR 
21:49:19 INFO  : Result from executing command 'getProjects': camera
21:49:19 INFO  : Result from executing command 'getPlatforms': camera|C:/Users/georgewaller/Desktop/CameraProcessor/camera/export/camera/camera.xpfm
21:49:20 INFO  : Checking for BSP changes to sync application flags for project 'pss'...
21:49:55 INFO  : Checking for BSP changes to sync application flags for project 'pss'...
21:51:36 INFO  : Checking for BSP changes to sync application flags for project 'pss'...
21:51:55 INFO  : Checking for BSP changes to sync application flags for project 'pss'...
21:54:32 INFO  : Checking for BSP changes to sync application flags for project 'pss'...
21:56:43 INFO  : Checking for BSP changes to sync application flags for project 'pss'...
22:05:05 INFO  : Example project xspips_flash_polled_example_1 has been created successfully.
22:17:50 INFO  : Result from executing command 'getProjects': camera
22:17:50 INFO  : Result from executing command 'getPlatforms': camera|C:/Users/georgewaller/Desktop/CameraProcessor/camera/export/camera/camera.xpfm
22:17:50 INFO  : Checking for BSP changes to sync application flags for project 'pss'...
22:18:00 INFO  : Checking for BSP changes to sync application flags for project 'xspips_flash_polled_example_1'...
22:18:23 INFO  : Connected to target on host '127.0.0.1' and port '3121'.
22:18:42 INFO  : ----------------XSDB Script----------------
connect -url tcp:127.0.0.1:3121
----------------End of Script----------------

22:18:42 ERROR : Could not find ARM device on the board for connection 'Local'.
Check if the target is in:
1. Split JTAG - No operations are possible with ARM DAP.
2. Non JTAG bootmode - Bootrom may need time to enable DAP.
Please try again.


Troubleshooting hints:
1. Check whether board is connected to system properly.
2. In case of zynq board, check whether Digilent/Xilinx cable switch settings are correct.
3. If you are using Xilinx Platform Cable USB, ensure that status LED is green.
22:18:54 INFO  : Connected to target on host '127.0.0.1' and port '3121'.
22:18:55 INFO  : Jtag cable 'Digilent JTAG-HS3 210299A8DD1E' is selected.
22:18:55 INFO  : 'jtag frequency' command is executed.
22:18:55 INFO  : Context for 'APU' is selected.
22:18:55 INFO  : System reset is completed.
22:18:58 INFO  : 'after 3000' command is executed.
22:18:59 INFO  : 'targets -set -filter {jtag_cable_name =~ "Digilent JTAG-HS3 210299A8DD1E" && level==0 && jtag_device_ctx=="jsn-JTAG-HS3-210299A8DD1E-23728093-0"}' command is executed.
22:19:01 INFO  : Device configured successfully with "C:/Users/georgewaller/Desktop/CameraProcessor/pss/_ide/bitstream/camera.bit"
22:19:01 INFO  : Context for 'APU' is selected.
22:19:01 INFO  : Hardware design and registers information is loaded from 'C:/Users/georgewaller/Desktop/CameraProcessor/camera/export/camera/hw/camera.xsa'.
22:19:01 INFO  : 'configparams force-mem-access 1' command is executed.
22:19:01 INFO  : Context for 'APU' is selected.
22:19:01 INFO  : Sourcing of 'C:/Users/georgewaller/Desktop/CameraProcessor/pss/_ide/psinit/ps7_init.tcl' is done.
22:19:03 INFO  : 'ps7_init' command is executed.
22:19:03 INFO  : 'ps7_post_config' command is executed.
22:19:03 INFO  : Context for processor 'ps7_cortexa9_0' is selected.
22:19:04 INFO  : The application 'C:/Users/georgewaller/Desktop/CameraProcessor/pss/Debug/pss.elf' is downloaded to processor 'ps7_cortexa9_0'.
22:19:04 INFO  : 'configparams force-mem-access 0' command is executed.
22:19:04 INFO  : ----------------XSDB Script----------------
connect -url tcp:127.0.0.1:3121
targets -set -nocase -filter {name =~"APU*"}
rst -system
after 3000
targets -set -filter {jtag_cable_name =~ "Digilent JTAG-HS3 210299A8DD1E" && level==0 && jtag_device_ctx=="jsn-JTAG-HS3-210299A8DD1E-23728093-0"}
fpga -file C:/Users/georgewaller/Desktop/CameraProcessor/pss/_ide/bitstream/camera.bit
targets -set -nocase -filter {name =~"APU*"}
loadhw -hw C:/Users/georgewaller/Desktop/CameraProcessor/camera/export/camera/hw/camera.xsa -mem-ranges [list {0x40000000 0xbfffffff}] -regs
configparams force-mem-access 1
targets -set -nocase -filter {name =~"APU*"}
source C:/Users/georgewaller/Desktop/CameraProcessor/pss/_ide/psinit/ps7_init.tcl
ps7_init
ps7_post_config
targets -set -nocase -filter {name =~ "*A9*#0"}
dow C:/Users/georgewaller/Desktop/CameraProcessor/pss/Debug/pss.elf
configparams force-mem-access 0
----------------End of Script----------------

22:19:05 INFO  : Context for processor 'ps7_cortexa9_0' is selected.
22:19:05 INFO  : 'con' command is executed.
22:19:05 INFO  : ----------------XSDB Script (After Launch)----------------
targets -set -nocase -filter {name =~ "*A9*#0"}
con
----------------End of Script----------------

22:19:05 INFO  : Launch script is exported to file 'C:\Users\georgewaller\Desktop\CameraProcessor\pss_system\_ide\scripts\systemdebugger_pss_system_standalone.tcl'
22:26:52 INFO  : Checking for BSP changes to sync application flags for project 'pss'...
22:27:01 INFO  : Checking for BSP changes to sync application flags for project 'xspips_flash_polled_example_1'...
22:27:17 INFO  : Checking for BSP changes to sync application flags for project 'pss'...
22:27:26 INFO  : Checking for BSP changes to sync application flags for project 'xspips_flash_polled_example_1'...
22:27:44 INFO  : Disconnected from the channel tcfchan#11.
22:27:45 INFO  : Connected to target on host '127.0.0.1' and port '3121'.
22:27:45 INFO  : Jtag cable 'Digilent JTAG-HS3 210299A8DD1E' is selected.
22:27:45 INFO  : 'jtag frequency' command is executed.
22:27:45 INFO  : Context for 'APU' is selected.
22:27:46 INFO  : System reset is completed.
22:27:49 INFO  : 'after 3000' command is executed.
22:27:49 INFO  : 'targets -set -filter {jtag_cable_name =~ "Digilent JTAG-HS3 210299A8DD1E" && level==0 && jtag_device_ctx=="jsn-JTAG-HS3-210299A8DD1E-23728093-0"}' command is executed.
22:27:52 INFO  : Device configured successfully with "C:/Users/georgewaller/Desktop/CameraProcessor/pss/_ide/bitstream/camera.bit"
22:27:52 INFO  : Context for 'APU' is selected.
22:27:52 INFO  : Hardware design and registers information is loaded from 'C:/Users/georgewaller/Desktop/CameraProcessor/camera/export/camera/hw/camera.xsa'.
22:27:52 INFO  : 'configparams force-mem-access 1' command is executed.
22:27:52 INFO  : Context for 'APU' is selected.
22:27:52 INFO  : Sourcing of 'C:/Users/georgewaller/Desktop/CameraProcessor/pss/_ide/psinit/ps7_init.tcl' is done.
22:27:53 INFO  : 'ps7_init' command is executed.
22:27:53 INFO  : 'ps7_post_config' command is executed.
22:27:53 INFO  : Context for processor 'ps7_cortexa9_0' is selected.
22:27:54 INFO  : The application 'C:/Users/georgewaller/Desktop/CameraProcessor/pss/Debug/pss.elf' is downloaded to processor 'ps7_cortexa9_0'.
22:27:55 INFO  : 'configparams force-mem-access 0' command is executed.
22:27:55 INFO  : ----------------XSDB Script----------------
connect -url tcp:127.0.0.1:3121
targets -set -nocase -filter {name =~"APU*"}
rst -system
after 3000
targets -set -filter {jtag_cable_name =~ "Digilent JTAG-HS3 210299A8DD1E" && level==0 && jtag_device_ctx=="jsn-JTAG-HS3-210299A8DD1E-23728093-0"}
fpga -file C:/Users/georgewaller/Desktop/CameraProcessor/pss/_ide/bitstream/camera.bit
targets -set -nocase -filter {name =~"APU*"}
loadhw -hw C:/Users/georgewaller/Desktop/CameraProcessor/camera/export/camera/hw/camera.xsa -mem-ranges [list {0x40000000 0xbfffffff}] -regs
configparams force-mem-access 1
targets -set -nocase -filter {name =~"APU*"}
source C:/Users/georgewaller/Desktop/CameraProcessor/pss/_ide/psinit/ps7_init.tcl
ps7_init
ps7_post_config
targets -set -nocase -filter {name =~ "*A9*#0"}
dow C:/Users/georgewaller/Desktop/CameraProcessor/pss/Debug/pss.elf
configparams force-mem-access 0
----------------End of Script----------------

22:27:55 INFO  : Context for processor 'ps7_cortexa9_0' is selected.
22:27:55 INFO  : 'con' command is executed.
22:27:55 INFO  : ----------------XSDB Script (After Launch)----------------
targets -set -nocase -filter {name =~ "*A9*#0"}
con
----------------End of Script----------------

22:27:55 INFO  : Launch script is exported to file 'C:\Users\georgewaller\Desktop\CameraProcessor\pss_system\_ide\scripts\systemdebugger_pss_system_standalone.tcl'
22:33:01 INFO  : Disconnected from the channel tcfchan#16.
22:33:01 INFO  : Connected to target on host '127.0.0.1' and port '3121'.
22:33:01 INFO  : Jtag cable 'Digilent JTAG-HS3 210299A8DD1E' is selected.
22:33:01 INFO  : 'jtag frequency' command is executed.
22:33:01 INFO  : Context for 'APU' is selected.
22:33:02 INFO  : System reset is completed.
22:33:05 INFO  : 'after 3000' command is executed.
22:33:05 INFO  : 'targets -set -filter {jtag_cable_name =~ "Digilent JTAG-HS3 210299A8DD1E" && level==0 && jtag_device_ctx=="jsn-JTAG-HS3-210299A8DD1E-23728093-0"}' command is executed.
22:33:08 INFO  : Device configured successfully with "C:/Users/georgewaller/Desktop/CameraProcessor/pss/_ide/bitstream/camera.bit"
22:33:08 INFO  : Context for 'APU' is selected.
22:33:08 INFO  : Hardware design and registers information is loaded from 'C:/Users/georgewaller/Desktop/CameraProcessor/camera/export/camera/hw/camera.xsa'.
22:33:08 INFO  : 'configparams force-mem-access 1' command is executed.
22:33:08 INFO  : Context for 'APU' is selected.
22:33:08 INFO  : Sourcing of 'C:/Users/georgewaller/Desktop/CameraProcessor/pss/_ide/psinit/ps7_init.tcl' is done.
22:33:09 INFO  : 'ps7_init' command is executed.
22:33:09 INFO  : 'ps7_post_config' command is executed.
22:33:09 INFO  : Context for processor 'ps7_cortexa9_0' is selected.
22:33:11 INFO  : The application 'C:/Users/georgewaller/Desktop/CameraProcessor/pss/Debug/pss.elf' is downloaded to processor 'ps7_cortexa9_0'.
22:33:11 INFO  : 'configparams force-mem-access 0' command is executed.
22:33:11 INFO  : ----------------XSDB Script----------------
connect -url tcp:127.0.0.1:3121
targets -set -nocase -filter {name =~"APU*"}
rst -system
after 3000
targets -set -filter {jtag_cable_name =~ "Digilent JTAG-HS3 210299A8DD1E" && level==0 && jtag_device_ctx=="jsn-JTAG-HS3-210299A8DD1E-23728093-0"}
fpga -file C:/Users/georgewaller/Desktop/CameraProcessor/pss/_ide/bitstream/camera.bit
targets -set -nocase -filter {name =~"APU*"}
loadhw -hw C:/Users/georgewaller/Desktop/CameraProcessor/camera/export/camera/hw/camera.xsa -mem-ranges [list {0x40000000 0xbfffffff}] -regs
configparams force-mem-access 1
targets -set -nocase -filter {name =~"APU*"}
source C:/Users/georgewaller/Desktop/CameraProcessor/pss/_ide/psinit/ps7_init.tcl
ps7_init
ps7_post_config
targets -set -nocase -filter {name =~ "*A9*#0"}
dow C:/Users/georgewaller/Desktop/CameraProcessor/pss/Debug/pss.elf
configparams force-mem-access 0
----------------End of Script----------------

22:33:11 INFO  : Context for processor 'ps7_cortexa9_0' is selected.
22:33:11 INFO  : 'con' command is executed.
22:33:11 INFO  : ----------------XSDB Script (After Launch)----------------
targets -set -nocase -filter {name =~ "*A9*#0"}
con
----------------End of Script----------------

22:33:11 INFO  : Launch script is exported to file 'C:\Users\georgewaller\Desktop\CameraProcessor\pss_system\_ide\scripts\systemdebugger_pss_system_standalone.tcl'
22:33:42 INFO  : Checking for BSP changes to sync application flags for project 'pss'...
22:33:52 INFO  : Checking for BSP changes to sync application flags for project 'xspips_flash_polled_example_1'...
22:34:13 INFO  : Disconnected from the channel tcfchan#17.
22:34:14 INFO  : Connected to target on host '127.0.0.1' and port '3121'.
22:34:14 INFO  : Jtag cable 'Digilent JTAG-HS3 210299A8DD1E' is selected.
22:34:14 INFO  : 'jtag frequency' command is executed.
22:34:14 INFO  : Context for 'APU' is selected.
22:34:15 INFO  : System reset is completed.
22:34:18 INFO  : 'after 3000' command is executed.
22:34:18 INFO  : 'targets -set -filter {jtag_cable_name =~ "Digilent JTAG-HS3 210299A8DD1E" && level==0 && jtag_device_ctx=="jsn-JTAG-HS3-210299A8DD1E-23728093-0"}' command is executed.
22:34:21 INFO  : Device configured successfully with "C:/Users/georgewaller/Desktop/CameraProcessor/pss/_ide/bitstream/camera.bit"
22:34:21 INFO  : Context for 'APU' is selected.
22:34:21 INFO  : Hardware design and registers information is loaded from 'C:/Users/georgewaller/Desktop/CameraProcessor/camera/export/camera/hw/camera.xsa'.
22:34:21 INFO  : 'configparams force-mem-access 1' command is executed.
22:34:21 INFO  : Context for 'APU' is selected.
22:34:21 INFO  : Sourcing of 'C:/Users/georgewaller/Desktop/CameraProcessor/pss/_ide/psinit/ps7_init.tcl' is done.
22:34:22 INFO  : 'ps7_init' command is executed.
22:34:22 INFO  : 'ps7_post_config' command is executed.
22:34:22 INFO  : Context for processor 'ps7_cortexa9_0' is selected.
22:34:23 INFO  : The application 'C:/Users/georgewaller/Desktop/CameraProcessor/pss/Debug/pss.elf' is downloaded to processor 'ps7_cortexa9_0'.
22:34:24 INFO  : 'configparams force-mem-access 0' command is executed.
22:34:24 INFO  : ----------------XSDB Script----------------
connect -url tcp:127.0.0.1:3121
targets -set -nocase -filter {name =~"APU*"}
rst -system
after 3000
targets -set -filter {jtag_cable_name =~ "Digilent JTAG-HS3 210299A8DD1E" && level==0 && jtag_device_ctx=="jsn-JTAG-HS3-210299A8DD1E-23728093-0"}
fpga -file C:/Users/georgewaller/Desktop/CameraProcessor/pss/_ide/bitstream/camera.bit
targets -set -nocase -filter {name =~"APU*"}
loadhw -hw C:/Users/georgewaller/Desktop/CameraProcessor/camera/export/camera/hw/camera.xsa -mem-ranges [list {0x40000000 0xbfffffff}] -regs
configparams force-mem-access 1
targets -set -nocase -filter {name =~"APU*"}
source C:/Users/georgewaller/Desktop/CameraProcessor/pss/_ide/psinit/ps7_init.tcl
ps7_init
ps7_post_config
targets -set -nocase -filter {name =~ "*A9*#0"}
dow C:/Users/georgewaller/Desktop/CameraProcessor/pss/Debug/pss.elf
configparams force-mem-access 0
----------------End of Script----------------

22:34:24 INFO  : Context for processor 'ps7_cortexa9_0' is selected.
22:34:24 INFO  : 'con' command is executed.
22:34:24 INFO  : ----------------XSDB Script (After Launch)----------------
targets -set -nocase -filter {name =~ "*A9*#0"}
con
----------------End of Script----------------

22:34:24 INFO  : Launch script is exported to file 'C:\Users\georgewaller\Desktop\CameraProcessor\pss_system\_ide\scripts\systemdebugger_pss_system_standalone.tcl'
22:35:28 INFO  : Disconnected from the channel tcfchan#20.
22:36:03 INFO  : Result from executing command 'getProjects': camera
22:36:03 INFO  : Result from executing command 'getPlatforms': camera|C:/Users/georgewaller/Desktop/CameraProcessor/camera/export/camera/camera.xpfm
22:36:03 INFO  : Checking for BSP changes to sync application flags for project 'pss'...
22:36:50 INFO  : Checking for BSP changes to sync application flags for project 'pss'...
22:37:24 INFO  : Checking for BSP changes to sync application flags for project 'pss'...
22:37:37 INFO  : Connected to target on host '127.0.0.1' and port '3121'.
22:37:37 INFO  : Jtag cable 'Digilent JTAG-HS3 210299A8DD1E' is selected.
22:37:37 INFO  : 'jtag frequency' command is executed.
22:37:37 INFO  : Context for 'APU' is selected.
22:37:38 INFO  : System reset is completed.
22:37:41 INFO  : 'after 3000' command is executed.
22:37:41 INFO  : 'targets -set -filter {jtag_cable_name =~ "Digilent JTAG-HS3 210299A8DD1E" && level==0 && jtag_device_ctx=="jsn-JTAG-HS3-210299A8DD1E-23728093-0"}' command is executed.
22:37:43 INFO  : Device configured successfully with "C:/Users/georgewaller/Desktop/CameraProcessor/pss/_ide/bitstream/camera.bit"
22:37:44 INFO  : Context for 'APU' is selected.
22:37:44 INFO  : Hardware design and registers information is loaded from 'C:/Users/georgewaller/Desktop/CameraProcessor/camera/export/camera/hw/camera.xsa'.
22:37:44 INFO  : 'configparams force-mem-access 1' command is executed.
22:37:44 INFO  : Context for 'APU' is selected.
22:37:44 INFO  : Sourcing of 'C:/Users/georgewaller/Desktop/CameraProcessor/pss/_ide/psinit/ps7_init.tcl' is done.
22:37:45 INFO  : 'ps7_init' command is executed.
22:37:45 INFO  : 'ps7_post_config' command is executed.
22:37:45 INFO  : Context for processor 'ps7_cortexa9_0' is selected.
22:37:46 INFO  : The application 'C:/Users/georgewaller/Desktop/CameraProcessor/pss/Debug/pss.elf' is downloaded to processor 'ps7_cortexa9_0'.
22:37:47 INFO  : 'configparams force-mem-access 0' command is executed.
22:37:47 INFO  : ----------------XSDB Script----------------
connect -url tcp:127.0.0.1:3121
targets -set -nocase -filter {name =~"APU*"}
rst -system
after 3000
targets -set -filter {jtag_cable_name =~ "Digilent JTAG-HS3 210299A8DD1E" && level==0 && jtag_device_ctx=="jsn-JTAG-HS3-210299A8DD1E-23728093-0"}
fpga -file C:/Users/georgewaller/Desktop/CameraProcessor/pss/_ide/bitstream/camera.bit
targets -set -nocase -filter {name =~"APU*"}
loadhw -hw C:/Users/georgewaller/Desktop/CameraProcessor/camera/export/camera/hw/camera.xsa -mem-ranges [list {0x40000000 0xbfffffff}] -regs
configparams force-mem-access 1
targets -set -nocase -filter {name =~"APU*"}
source C:/Users/georgewaller/Desktop/CameraProcessor/pss/_ide/psinit/ps7_init.tcl
ps7_init
ps7_post_config
targets -set -nocase -filter {name =~ "*A9*#0"}
dow C:/Users/georgewaller/Desktop/CameraProcessor/pss/Debug/pss.elf
configparams force-mem-access 0
----------------End of Script----------------

22:37:47 INFO  : Context for processor 'ps7_cortexa9_0' is selected.
22:37:47 INFO  : 'con' command is executed.
22:37:47 INFO  : ----------------XSDB Script (After Launch)----------------
targets -set -nocase -filter {name =~ "*A9*#0"}
con
----------------End of Script----------------

22:37:47 INFO  : Launch script is exported to file 'C:\Users\georgewaller\Desktop\CameraProcessor\pss_system\_ide\scripts\systemdebugger_pss_system_standalone.tcl'
22:38:00 INFO  : Disconnected from the channel tcfchan#26.
22:38:02 INFO  : Connected to target on host '127.0.0.1' and port '3121'.
22:38:11 INFO  : ----------------XSDB Script----------------
connect -url tcp:127.0.0.1:3121
----------------End of Script----------------

22:38:11 ERROR : Could not find ARM device on the board for connection 'Local'.
Check if the target is in:
1. Split JTAG - No operations are possible with ARM DAP.
2. Non JTAG bootmode - Bootrom may need time to enable DAP.
Please try again.


Troubleshooting hints:
1. Check whether board is connected to system properly.
2. In case of zynq board, check whether Digilent/Xilinx cable switch settings are correct.
3. If you are using Xilinx Platform Cable USB, ensure that status LED is green.
22:38:21 INFO  : Connected to target on host '127.0.0.1' and port '3121'.
22:38:22 INFO  : Jtag cable 'Digilent JTAG-HS3 210299A8DD1E' is selected.
22:38:22 INFO  : 'jtag frequency' command is executed.
22:38:22 INFO  : Context for 'APU' is selected.
22:38:22 INFO  : System reset is completed.
22:38:25 INFO  : 'after 3000' command is executed.
22:38:25 INFO  : 'targets -set -filter {jtag_cable_name =~ "Digilent JTAG-HS3 210299A8DD1E" && level==0 && jtag_device_ctx=="jsn-JTAG-HS3-210299A8DD1E-23728093-0"}' command is executed.
22:38:28 INFO  : Device configured successfully with "C:/Users/georgewaller/Desktop/CameraProcessor/pss/_ide/bitstream/camera.bit"
22:38:28 INFO  : Context for 'APU' is selected.
22:38:28 INFO  : Hardware design and registers information is loaded from 'C:/Users/georgewaller/Desktop/CameraProcessor/camera/export/camera/hw/camera.xsa'.
22:38:28 INFO  : 'configparams force-mem-access 1' command is executed.
22:38:28 INFO  : Context for 'APU' is selected.
22:38:28 INFO  : Sourcing of 'C:/Users/georgewaller/Desktop/CameraProcessor/pss/_ide/psinit/ps7_init.tcl' is done.
22:38:30 INFO  : 'ps7_init' command is executed.
22:38:30 INFO  : 'ps7_post_config' command is executed.
22:38:30 INFO  : Context for processor 'ps7_cortexa9_0' is selected.
22:38:31 INFO  : The application 'C:/Users/georgewaller/Desktop/CameraProcessor/pss/Debug/pss.elf' is downloaded to processor 'ps7_cortexa9_0'.
22:38:31 INFO  : 'configparams force-mem-access 0' command is executed.
22:38:31 INFO  : ----------------XSDB Script----------------
connect -url tcp:127.0.0.1:3121
targets -set -nocase -filter {name =~"APU*"}
rst -system
after 3000
targets -set -filter {jtag_cable_name =~ "Digilent JTAG-HS3 210299A8DD1E" && level==0 && jtag_device_ctx=="jsn-JTAG-HS3-210299A8DD1E-23728093-0"}
fpga -file C:/Users/georgewaller/Desktop/CameraProcessor/pss/_ide/bitstream/camera.bit
targets -set -nocase -filter {name =~"APU*"}
loadhw -hw C:/Users/georgewaller/Desktop/CameraProcessor/camera/export/camera/hw/camera.xsa -mem-ranges [list {0x40000000 0xbfffffff}] -regs
configparams force-mem-access 1
targets -set -nocase -filter {name =~"APU*"}
source C:/Users/georgewaller/Desktop/CameraProcessor/pss/_ide/psinit/ps7_init.tcl
ps7_init
ps7_post_config
targets -set -nocase -filter {name =~ "*A9*#0"}
dow C:/Users/georgewaller/Desktop/CameraProcessor/pss/Debug/pss.elf
configparams force-mem-access 0
----------------End of Script----------------

22:38:31 INFO  : Context for processor 'ps7_cortexa9_0' is selected.
22:38:31 INFO  : 'con' command is executed.
22:38:31 INFO  : ----------------XSDB Script (After Launch)----------------
targets -set -nocase -filter {name =~ "*A9*#0"}
con
----------------End of Script----------------

22:38:31 INFO  : Launch script is exported to file 'C:\Users\georgewaller\Desktop\CameraProcessor\pss_system\_ide\scripts\systemdebugger_pss_system_standalone.tcl'
22:38:39 INFO  : Disconnected from the channel tcfchan#27.
22:38:41 INFO  : Connected to target on host '127.0.0.1' and port '3121'.
22:38:50 INFO  : ----------------XSDB Script----------------
connect -url tcp:127.0.0.1:3121
----------------End of Script----------------

22:38:50 ERROR : Could not find ARM device on the board for connection 'Local'.
Check if the target is in:
1. Split JTAG - No operations are possible with ARM DAP.
2. Non JTAG bootmode - Bootrom may need time to enable DAP.
Please try again.


Troubleshooting hints:
1. Check whether board is connected to system properly.
2. In case of zynq board, check whether Digilent/Xilinx cable switch settings are correct.
3. If you are using Xilinx Platform Cable USB, ensure that status LED is green.
22:38:57 INFO  : Connected to target on host '127.0.0.1' and port '3121'.
22:38:58 INFO  : Jtag cable 'Digilent JTAG-HS3 210299A8DD1E' is selected.
22:38:58 INFO  : 'jtag frequency' command is executed.
22:38:58 INFO  : Context for 'APU' is selected.
22:38:58 INFO  : System reset is completed.
22:39:01 INFO  : 'after 3000' command is executed.
22:39:02 INFO  : 'targets -set -filter {jtag_cable_name =~ "Digilent JTAG-HS3 210299A8DD1E" && level==0 && jtag_device_ctx=="jsn-JTAG-HS3-210299A8DD1E-23728093-0"}' command is executed.
22:39:04 INFO  : Device configured successfully with "C:/Users/georgewaller/Desktop/CameraProcessor/pss/_ide/bitstream/camera.bit"
22:39:04 INFO  : Context for 'APU' is selected.
22:39:04 INFO  : Hardware design and registers information is loaded from 'C:/Users/georgewaller/Desktop/CameraProcessor/camera/export/camera/hw/camera.xsa'.
22:39:04 INFO  : 'configparams force-mem-access 1' command is executed.
22:39:04 INFO  : Context for 'APU' is selected.
22:39:04 INFO  : Sourcing of 'C:/Users/georgewaller/Desktop/CameraProcessor/pss/_ide/psinit/ps7_init.tcl' is done.
22:39:06 INFO  : 'ps7_init' command is executed.
22:39:06 INFO  : 'ps7_post_config' command is executed.
22:39:06 INFO  : Context for processor 'ps7_cortexa9_0' is selected.
22:39:07 INFO  : The application 'C:/Users/georgewaller/Desktop/CameraProcessor/pss/Debug/pss.elf' is downloaded to processor 'ps7_cortexa9_0'.
22:39:07 INFO  : 'configparams force-mem-access 0' command is executed.
22:39:07 INFO  : ----------------XSDB Script----------------
connect -url tcp:127.0.0.1:3121
targets -set -nocase -filter {name =~"APU*"}
rst -system
after 3000
targets -set -filter {jtag_cable_name =~ "Digilent JTAG-HS3 210299A8DD1E" && level==0 && jtag_device_ctx=="jsn-JTAG-HS3-210299A8DD1E-23728093-0"}
fpga -file C:/Users/georgewaller/Desktop/CameraProcessor/pss/_ide/bitstream/camera.bit
targets -set -nocase -filter {name =~"APU*"}
loadhw -hw C:/Users/georgewaller/Desktop/CameraProcessor/camera/export/camera/hw/camera.xsa -mem-ranges [list {0x40000000 0xbfffffff}] -regs
configparams force-mem-access 1
targets -set -nocase -filter {name =~"APU*"}
source C:/Users/georgewaller/Desktop/CameraProcessor/pss/_ide/psinit/ps7_init.tcl
ps7_init
ps7_post_config
targets -set -nocase -filter {name =~ "*A9*#0"}
dow C:/Users/georgewaller/Desktop/CameraProcessor/pss/Debug/pss.elf
configparams force-mem-access 0
----------------End of Script----------------

22:39:07 INFO  : Context for processor 'ps7_cortexa9_0' is selected.
22:39:07 INFO  : 'con' command is executed.
22:39:07 INFO  : ----------------XSDB Script (After Launch)----------------
targets -set -nocase -filter {name =~ "*A9*#0"}
con
----------------End of Script----------------

22:39:07 INFO  : Launch script is exported to file 'C:\Users\georgewaller\Desktop\CameraProcessor\pss_system\_ide\scripts\systemdebugger_pss_system_standalone.tcl'
22:39:37 INFO  : Disconnected from the channel tcfchan#28.
22:39:39 INFO  : Connected to target on host '127.0.0.1' and port '3121'.
22:39:39 INFO  : Jtag cable 'Digilent JTAG-HS3 210299A8DD1E' is selected.
22:39:39 INFO  : 'jtag frequency' command is executed.
22:39:39 INFO  : Context for 'APU' is selected.
22:39:40 INFO  : System reset is completed.
22:39:43 INFO  : 'after 3000' command is executed.
22:39:43 INFO  : 'targets -set -filter {jtag_cable_name =~ "Digilent JTAG-HS3 210299A8DD1E" && level==0 && jtag_device_ctx=="jsn-JTAG-HS3-210299A8DD1E-23728093-0"}' command is executed.
22:39:45 INFO  : Device configured successfully with "C:/Users/georgewaller/Desktop/CameraProcessor/pss/_ide/bitstream/camera.bit"
22:39:45 INFO  : Context for 'APU' is selected.
22:39:45 INFO  : Hardware design and registers information is loaded from 'C:/Users/georgewaller/Desktop/CameraProcessor/camera/export/camera/hw/camera.xsa'.
22:39:45 INFO  : 'configparams force-mem-access 1' command is executed.
22:39:45 INFO  : Context for 'APU' is selected.
22:39:45 INFO  : Sourcing of 'C:/Users/georgewaller/Desktop/CameraProcessor/pss/_ide/psinit/ps7_init.tcl' is done.
22:39:47 INFO  : 'ps7_init' command is executed.
22:39:47 INFO  : 'ps7_post_config' command is executed.
22:39:47 INFO  : Context for processor 'ps7_cortexa9_0' is selected.
22:39:48 INFO  : The application 'C:/Users/georgewaller/Desktop/CameraProcessor/pss/Debug/pss.elf' is downloaded to processor 'ps7_cortexa9_0'.
22:39:48 INFO  : 'configparams force-mem-access 0' command is executed.
22:39:48 INFO  : ----------------XSDB Script----------------
connect -url tcp:127.0.0.1:3121
targets -set -nocase -filter {name =~"APU*"}
rst -system
after 3000
targets -set -filter {jtag_cable_name =~ "Digilent JTAG-HS3 210299A8DD1E" && level==0 && jtag_device_ctx=="jsn-JTAG-HS3-210299A8DD1E-23728093-0"}
fpga -file C:/Users/georgewaller/Desktop/CameraProcessor/pss/_ide/bitstream/camera.bit
targets -set -nocase -filter {name =~"APU*"}
loadhw -hw C:/Users/georgewaller/Desktop/CameraProcessor/camera/export/camera/hw/camera.xsa -mem-ranges [list {0x40000000 0xbfffffff}] -regs
configparams force-mem-access 1
targets -set -nocase -filter {name =~"APU*"}
source C:/Users/georgewaller/Desktop/CameraProcessor/pss/_ide/psinit/ps7_init.tcl
ps7_init
ps7_post_config
targets -set -nocase -filter {name =~ "*A9*#0"}
dow C:/Users/georgewaller/Desktop/CameraProcessor/pss/Debug/pss.elf
configparams force-mem-access 0
----------------End of Script----------------

22:39:48 INFO  : Context for processor 'ps7_cortexa9_0' is selected.
22:39:48 INFO  : 'con' command is executed.
22:39:48 INFO  : ----------------XSDB Script (After Launch)----------------
targets -set -nocase -filter {name =~ "*A9*#0"}
con
----------------End of Script----------------

22:39:48 INFO  : Launch script is exported to file 'C:\Users\georgewaller\Desktop\CameraProcessor\pss_system\_ide\scripts\systemdebugger_pss_system_standalone.tcl'
22:40:12 INFO  : Checking for BSP changes to sync application flags for project 'pss'...
22:40:38 INFO  : Disconnected from the channel tcfchan#29.
22:40:38 INFO  : Connected to target on host '127.0.0.1' and port '3121'.
22:40:38 INFO  : Jtag cable 'Digilent JTAG-HS3 210299A8DD1E' is selected.
22:40:38 INFO  : 'jtag frequency' command is executed.
22:40:38 INFO  : Context for 'APU' is selected.
22:40:39 INFO  : System reset is completed.
22:40:42 INFO  : 'after 3000' command is executed.
22:40:42 INFO  : 'targets -set -filter {jtag_cable_name =~ "Digilent JTAG-HS3 210299A8DD1E" && level==0 && jtag_device_ctx=="jsn-JTAG-HS3-210299A8DD1E-23728093-0"}' command is executed.
22:40:45 INFO  : Device configured successfully with "C:/Users/georgewaller/Desktop/CameraProcessor/pss/_ide/bitstream/camera.bit"
22:40:45 INFO  : Context for 'APU' is selected.
22:40:45 INFO  : Hardware design and registers information is loaded from 'C:/Users/georgewaller/Desktop/CameraProcessor/camera/export/camera/hw/camera.xsa'.
22:40:45 INFO  : 'configparams force-mem-access 1' command is executed.
22:40:45 INFO  : Context for 'APU' is selected.
22:40:45 INFO  : Sourcing of 'C:/Users/georgewaller/Desktop/CameraProcessor/pss/_ide/psinit/ps7_init.tcl' is done.
22:40:46 INFO  : 'ps7_init' command is executed.
22:40:46 INFO  : 'ps7_post_config' command is executed.
22:40:46 INFO  : Context for processor 'ps7_cortexa9_0' is selected.
22:40:47 INFO  : The application 'C:/Users/georgewaller/Desktop/CameraProcessor/pss/Debug/pss.elf' is downloaded to processor 'ps7_cortexa9_0'.
22:40:48 INFO  : 'configparams force-mem-access 0' command is executed.
22:40:48 INFO  : ----------------XSDB Script----------------
connect -url tcp:127.0.0.1:3121
targets -set -nocase -filter {name =~"APU*"}
rst -system
after 3000
targets -set -filter {jtag_cable_name =~ "Digilent JTAG-HS3 210299A8DD1E" && level==0 && jtag_device_ctx=="jsn-JTAG-HS3-210299A8DD1E-23728093-0"}
fpga -file C:/Users/georgewaller/Desktop/CameraProcessor/pss/_ide/bitstream/camera.bit
targets -set -nocase -filter {name =~"APU*"}
loadhw -hw C:/Users/georgewaller/Desktop/CameraProcessor/camera/export/camera/hw/camera.xsa -mem-ranges [list {0x40000000 0xbfffffff}] -regs
configparams force-mem-access 1
targets -set -nocase -filter {name =~"APU*"}
source C:/Users/georgewaller/Desktop/CameraProcessor/pss/_ide/psinit/ps7_init.tcl
ps7_init
ps7_post_config
targets -set -nocase -filter {name =~ "*A9*#0"}
dow C:/Users/georgewaller/Desktop/CameraProcessor/pss/Debug/pss.elf
configparams force-mem-access 0
----------------End of Script----------------

22:40:48 INFO  : Context for processor 'ps7_cortexa9_0' is selected.
22:40:48 INFO  : 'con' command is executed.
22:40:48 INFO  : ----------------XSDB Script (After Launch)----------------
targets -set -nocase -filter {name =~ "*A9*#0"}
con
----------------End of Script----------------

22:40:48 INFO  : Launch script is exported to file 'C:\Users\georgewaller\Desktop\CameraProcessor\pss_system\_ide\scripts\systemdebugger_pss_system_standalone.tcl'
22:41:06 INFO  : Checking for BSP changes to sync application flags for project 'pss'...
22:41:16 INFO  : Disconnected from the channel tcfchan#31.
22:41:17 INFO  : Connected to target on host '127.0.0.1' and port '3121'.
22:41:17 INFO  : Jtag cable 'Digilent JTAG-HS3 210299A8DD1E' is selected.
22:41:17 INFO  : 'jtag frequency' command is executed.
22:41:17 INFO  : Context for 'APU' is selected.
22:41:18 INFO  : System reset is completed.
22:41:21 INFO  : 'after 3000' command is executed.
22:41:21 INFO  : 'targets -set -filter {jtag_cable_name =~ "Digilent JTAG-HS3 210299A8DD1E" && level==0 && jtag_device_ctx=="jsn-JTAG-HS3-210299A8DD1E-23728093-0"}' command is executed.
22:41:23 INFO  : Device configured successfully with "C:/Users/georgewaller/Desktop/CameraProcessor/pss/_ide/bitstream/camera.bit"
22:41:23 INFO  : Context for 'APU' is selected.
22:41:23 INFO  : Hardware design and registers information is loaded from 'C:/Users/georgewaller/Desktop/CameraProcessor/camera/export/camera/hw/camera.xsa'.
22:41:24 INFO  : 'configparams force-mem-access 1' command is executed.
22:41:24 INFO  : Context for 'APU' is selected.
22:41:24 INFO  : Sourcing of 'C:/Users/georgewaller/Desktop/CameraProcessor/pss/_ide/psinit/ps7_init.tcl' is done.
22:41:25 INFO  : 'ps7_init' command is executed.
22:41:25 INFO  : 'ps7_post_config' command is executed.
22:41:25 INFO  : Context for processor 'ps7_cortexa9_0' is selected.
22:41:26 INFO  : The application 'C:/Users/georgewaller/Desktop/CameraProcessor/pss/Debug/pss.elf' is downloaded to processor 'ps7_cortexa9_0'.
22:41:26 INFO  : 'configparams force-mem-access 0' command is executed.
22:41:26 INFO  : ----------------XSDB Script----------------
connect -url tcp:127.0.0.1:3121
targets -set -nocase -filter {name =~"APU*"}
rst -system
after 3000
targets -set -filter {jtag_cable_name =~ "Digilent JTAG-HS3 210299A8DD1E" && level==0 && jtag_device_ctx=="jsn-JTAG-HS3-210299A8DD1E-23728093-0"}
fpga -file C:/Users/georgewaller/Desktop/CameraProcessor/pss/_ide/bitstream/camera.bit
targets -set -nocase -filter {name =~"APU*"}
loadhw -hw C:/Users/georgewaller/Desktop/CameraProcessor/camera/export/camera/hw/camera.xsa -mem-ranges [list {0x40000000 0xbfffffff}] -regs
configparams force-mem-access 1
targets -set -nocase -filter {name =~"APU*"}
source C:/Users/georgewaller/Desktop/CameraProcessor/pss/_ide/psinit/ps7_init.tcl
ps7_init
ps7_post_config
targets -set -nocase -filter {name =~ "*A9*#0"}
dow C:/Users/georgewaller/Desktop/CameraProcessor/pss/Debug/pss.elf
configparams force-mem-access 0
----------------End of Script----------------

22:41:27 INFO  : Context for processor 'ps7_cortexa9_0' is selected.
22:41:27 INFO  : 'con' command is executed.
22:41:27 INFO  : ----------------XSDB Script (After Launch)----------------
targets -set -nocase -filter {name =~ "*A9*#0"}
con
----------------End of Script----------------

22:41:27 INFO  : Launch script is exported to file 'C:\Users\georgewaller\Desktop\CameraProcessor\pss_system\_ide\scripts\systemdebugger_pss_system_standalone.tcl'
22:42:11 INFO  : Disconnected from the channel tcfchan#33.
22:42:11 INFO  : Connected to target on host '127.0.0.1' and port '3121'.
22:42:12 INFO  : Jtag cable 'Digilent JTAG-HS3 210299A8DD1E' is selected.
22:42:12 INFO  : 'jtag frequency' command is executed.
22:42:12 INFO  : Context for 'APU' is selected.
22:42:12 INFO  : System reset is completed.
22:42:15 INFO  : 'after 3000' command is executed.
22:42:15 INFO  : 'targets -set -filter {jtag_cable_name =~ "Digilent JTAG-HS3 210299A8DD1E" && level==0 && jtag_device_ctx=="jsn-JTAG-HS3-210299A8DD1E-23728093-0"}' command is executed.
22:42:18 INFO  : Device configured successfully with "C:/Users/georgewaller/Desktop/CameraProcessor/pss/_ide/bitstream/camera.bit"
22:42:18 INFO  : Context for 'APU' is selected.
22:42:18 INFO  : Hardware design and registers information is loaded from 'C:/Users/georgewaller/Desktop/CameraProcessor/camera/export/camera/hw/camera.xsa'.
22:42:18 INFO  : 'configparams force-mem-access 1' command is executed.
22:42:18 INFO  : Context for 'APU' is selected.
22:42:18 INFO  : Sourcing of 'C:/Users/georgewaller/Desktop/CameraProcessor/pss/_ide/psinit/ps7_init.tcl' is done.
22:42:20 INFO  : 'ps7_init' command is executed.
22:42:20 INFO  : 'ps7_post_config' command is executed.
22:42:20 INFO  : Context for processor 'ps7_cortexa9_0' is selected.
22:42:21 INFO  : The application 'C:/Users/georgewaller/Desktop/CameraProcessor/pss/Debug/pss.elf' is downloaded to processor 'ps7_cortexa9_0'.
22:42:21 INFO  : 'configparams force-mem-access 0' command is executed.
22:42:21 INFO  : ----------------XSDB Script----------------
connect -url tcp:127.0.0.1:3121
targets -set -nocase -filter {name =~"APU*"}
rst -system
after 3000
targets -set -filter {jtag_cable_name =~ "Digilent JTAG-HS3 210299A8DD1E" && level==0 && jtag_device_ctx=="jsn-JTAG-HS3-210299A8DD1E-23728093-0"}
fpga -file C:/Users/georgewaller/Desktop/CameraProcessor/pss/_ide/bitstream/camera.bit
targets -set -nocase -filter {name =~"APU*"}
loadhw -hw C:/Users/georgewaller/Desktop/CameraProcessor/camera/export/camera/hw/camera.xsa -mem-ranges [list {0x40000000 0xbfffffff}] -regs
configparams force-mem-access 1
targets -set -nocase -filter {name =~"APU*"}
source C:/Users/georgewaller/Desktop/CameraProcessor/pss/_ide/psinit/ps7_init.tcl
ps7_init
ps7_post_config
targets -set -nocase -filter {name =~ "*A9*#0"}
dow C:/Users/georgewaller/Desktop/CameraProcessor/pss/Debug/pss.elf
configparams force-mem-access 0
----------------End of Script----------------

22:42:21 INFO  : Context for processor 'ps7_cortexa9_0' is selected.
22:42:21 INFO  : 'con' command is executed.
22:42:21 INFO  : ----------------XSDB Script (After Launch)----------------
targets -set -nocase -filter {name =~ "*A9*#0"}
con
----------------End of Script----------------

22:42:21 INFO  : Launch script is exported to file 'C:\Users\georgewaller\Desktop\CameraProcessor\pss_system\_ide\scripts\systemdebugger_pss_system_standalone.tcl'
22:45:19 INFO  : Checking for BSP changes to sync application flags for project 'pss'...
22:45:33 INFO  : Disconnected from the channel tcfchan#34.
22:45:33 INFO  : Connected to target on host '127.0.0.1' and port '3121'.
22:45:34 INFO  : Jtag cable 'Digilent JTAG-HS3 210299A8DD1E' is selected.
22:45:34 INFO  : 'jtag frequency' command is executed.
22:45:34 INFO  : Context for 'APU' is selected.
22:45:34 INFO  : System reset is completed.
22:45:37 INFO  : 'after 3000' command is executed.
22:45:37 INFO  : 'targets -set -filter {jtag_cable_name =~ "Digilent JTAG-HS3 210299A8DD1E" && level==0 && jtag_device_ctx=="jsn-JTAG-HS3-210299A8DD1E-23728093-0"}' command is executed.
22:45:40 INFO  : Device configured successfully with "C:/Users/georgewaller/Desktop/CameraProcessor/pss/_ide/bitstream/camera.bit"
22:45:40 INFO  : Context for 'APU' is selected.
22:45:40 INFO  : Hardware design and registers information is loaded from 'C:/Users/georgewaller/Desktop/CameraProcessor/camera/export/camera/hw/camera.xsa'.
22:45:40 INFO  : 'configparams force-mem-access 1' command is executed.
22:45:40 INFO  : Context for 'APU' is selected.
22:45:40 INFO  : Sourcing of 'C:/Users/georgewaller/Desktop/CameraProcessor/pss/_ide/psinit/ps7_init.tcl' is done.
22:45:42 INFO  : 'ps7_init' command is executed.
22:45:42 INFO  : 'ps7_post_config' command is executed.
22:45:42 INFO  : Context for processor 'ps7_cortexa9_0' is selected.
22:45:43 INFO  : The application 'C:/Users/georgewaller/Desktop/CameraProcessor/pss/Debug/pss.elf' is downloaded to processor 'ps7_cortexa9_0'.
22:45:43 INFO  : 'configparams force-mem-access 0' command is executed.
22:45:43 INFO  : ----------------XSDB Script----------------
connect -url tcp:127.0.0.1:3121
targets -set -nocase -filter {name =~"APU*"}
rst -system
after 3000
targets -set -filter {jtag_cable_name =~ "Digilent JTAG-HS3 210299A8DD1E" && level==0 && jtag_device_ctx=="jsn-JTAG-HS3-210299A8DD1E-23728093-0"}
fpga -file C:/Users/georgewaller/Desktop/CameraProcessor/pss/_ide/bitstream/camera.bit
targets -set -nocase -filter {name =~"APU*"}
loadhw -hw C:/Users/georgewaller/Desktop/CameraProcessor/camera/export/camera/hw/camera.xsa -mem-ranges [list {0x40000000 0xbfffffff}] -regs
configparams force-mem-access 1
targets -set -nocase -filter {name =~"APU*"}
source C:/Users/georgewaller/Desktop/CameraProcessor/pss/_ide/psinit/ps7_init.tcl
ps7_init
ps7_post_config
targets -set -nocase -filter {name =~ "*A9*#0"}
dow C:/Users/georgewaller/Desktop/CameraProcessor/pss/Debug/pss.elf
configparams force-mem-access 0
----------------End of Script----------------

22:45:43 INFO  : Context for processor 'ps7_cortexa9_0' is selected.
22:45:43 INFO  : 'con' command is executed.
22:45:43 INFO  : ----------------XSDB Script (After Launch)----------------
targets -set -nocase -filter {name =~ "*A9*#0"}
con
----------------End of Script----------------

22:45:43 INFO  : Launch script is exported to file 'C:\Users\georgewaller\Desktop\CameraProcessor\pss_system\_ide\scripts\systemdebugger_pss_system_standalone.tcl'
22:54:19 INFO  : Checking for BSP changes to sync application flags for project 'pss'...
22:54:50 INFO  : Checking for BSP changes to sync application flags for project 'pss'...
22:55:05 INFO  : Checking for BSP changes to sync application flags for project 'pss'...
22:55:41 INFO  : Disconnected from the channel tcfchan#36.
22:55:42 INFO  : Connected to target on host '127.0.0.1' and port '3121'.
22:55:42 INFO  : Jtag cable 'Digilent JTAG-HS3 210299A8DD1E' is selected.
22:55:42 INFO  : 'jtag frequency' command is executed.
22:55:42 INFO  : Context for 'APU' is selected.
22:55:43 INFO  : System reset is completed.
22:55:46 INFO  : 'after 3000' command is executed.
22:55:46 INFO  : 'targets -set -filter {jtag_cable_name =~ "Digilent JTAG-HS3 210299A8DD1E" && level==0 && jtag_device_ctx=="jsn-JTAG-HS3-210299A8DD1E-23728093-0"}' command is executed.
22:55:51 INFO  : Device configured successfully with "C:/Users/georgewaller/Desktop/CameraProcessor/pss/_ide/bitstream/camera.bit"
22:55:51 INFO  : Context for 'APU' is selected.
22:55:51 INFO  : Hardware design and registers information is loaded from 'C:/Users/georgewaller/Desktop/CameraProcessor/camera/export/camera/hw/camera.xsa'.
22:55:51 INFO  : 'configparams force-mem-access 1' command is executed.
22:55:51 INFO  : Context for 'APU' is selected.
22:55:51 INFO  : Sourcing of 'C:/Users/georgewaller/Desktop/CameraProcessor/pss/_ide/psinit/ps7_init.tcl' is done.
22:55:54 INFO  : 'ps7_init' command is executed.
22:55:54 INFO  : 'ps7_post_config' command is executed.
22:55:54 INFO  : Context for processor 'ps7_cortexa9_0' is selected.
22:55:56 INFO  : The application 'C:/Users/georgewaller/Desktop/CameraProcessor/pss/Debug/pss.elf' is downloaded to processor 'ps7_cortexa9_0'.
22:55:56 INFO  : 'configparams force-mem-access 0' command is executed.
22:55:56 INFO  : ----------------XSDB Script----------------
connect -url tcp:127.0.0.1:3121
targets -set -nocase -filter {name =~"APU*"}
rst -system
after 3000
targets -set -filter {jtag_cable_name =~ "Digilent JTAG-HS3 210299A8DD1E" && level==0 && jtag_device_ctx=="jsn-JTAG-HS3-210299A8DD1E-23728093-0"}
fpga -file C:/Users/georgewaller/Desktop/CameraProcessor/pss/_ide/bitstream/camera.bit
targets -set -nocase -filter {name =~"APU*"}
loadhw -hw C:/Users/georgewaller/Desktop/CameraProcessor/camera/export/camera/hw/camera.xsa -mem-ranges [list {0x40000000 0xbfffffff}] -regs
configparams force-mem-access 1
targets -set -nocase -filter {name =~"APU*"}
source C:/Users/georgewaller/Desktop/CameraProcessor/pss/_ide/psinit/ps7_init.tcl
ps7_init
ps7_post_config
targets -set -nocase -filter {name =~ "*A9*#0"}
dow C:/Users/georgewaller/Desktop/CameraProcessor/pss/Debug/pss.elf
configparams force-mem-access 0
----------------End of Script----------------

22:55:56 INFO  : Context for processor 'ps7_cortexa9_0' is selected.
22:55:56 INFO  : 'con' command is executed.
22:55:56 INFO  : ----------------XSDB Script (After Launch)----------------
targets -set -nocase -filter {name =~ "*A9*#0"}
con
----------------End of Script----------------

22:55:56 INFO  : Launch script is exported to file 'C:\Users\georgewaller\Desktop\CameraProcessor\pss_system\_ide\scripts\systemdebugger_pss_system_standalone.tcl'
22:56:21 INFO  : Disconnected from the channel tcfchan#40.
22:56:23 INFO  : Connected to target on host '127.0.0.1' and port '3121'.
22:56:23 INFO  : Jtag cable 'Digilent JTAG-HS3 210299A8DD1E' is selected.
22:56:23 INFO  : 'jtag frequency' command is executed.
22:56:23 INFO  : Context for 'APU' is selected.
22:56:24 INFO  : System reset is completed.
22:56:27 INFO  : 'after 3000' command is executed.
22:56:27 INFO  : 'targets -set -filter {jtag_cable_name =~ "Digilent JTAG-HS3 210299A8DD1E" && level==0 && jtag_device_ctx=="jsn-JTAG-HS3-210299A8DD1E-23728093-0"}' command is executed.
22:56:29 INFO  : Device configured successfully with "C:/Users/georgewaller/Desktop/CameraProcessor/pss/_ide/bitstream/camera.bit"
22:56:29 INFO  : Context for 'APU' is selected.
22:56:29 INFO  : Hardware design and registers information is loaded from 'C:/Users/georgewaller/Desktop/CameraProcessor/camera/export/camera/hw/camera.xsa'.
22:56:29 INFO  : 'configparams force-mem-access 1' command is executed.
22:56:29 INFO  : Context for 'APU' is selected.
22:56:29 INFO  : Sourcing of 'C:/Users/georgewaller/Desktop/CameraProcessor/pss/_ide/psinit/ps7_init.tcl' is done.
22:56:31 INFO  : 'ps7_init' command is executed.
22:56:31 INFO  : 'ps7_post_config' command is executed.
22:56:31 INFO  : Context for processor 'ps7_cortexa9_0' is selected.
22:56:32 INFO  : The application 'C:/Users/georgewaller/Desktop/CameraProcessor/pss/Debug/pss.elf' is downloaded to processor 'ps7_cortexa9_0'.
22:56:32 INFO  : 'configparams force-mem-access 0' command is executed.
22:56:32 INFO  : ----------------XSDB Script----------------
connect -url tcp:127.0.0.1:3121
targets -set -nocase -filter {name =~"APU*"}
rst -system
after 3000
targets -set -filter {jtag_cable_name =~ "Digilent JTAG-HS3 210299A8DD1E" && level==0 && jtag_device_ctx=="jsn-JTAG-HS3-210299A8DD1E-23728093-0"}
fpga -file C:/Users/georgewaller/Desktop/CameraProcessor/pss/_ide/bitstream/camera.bit
targets -set -nocase -filter {name =~"APU*"}
loadhw -hw C:/Users/georgewaller/Desktop/CameraProcessor/camera/export/camera/hw/camera.xsa -mem-ranges [list {0x40000000 0xbfffffff}] -regs
configparams force-mem-access 1
targets -set -nocase -filter {name =~"APU*"}
source C:/Users/georgewaller/Desktop/CameraProcessor/pss/_ide/psinit/ps7_init.tcl
ps7_init
ps7_post_config
targets -set -nocase -filter {name =~ "*A9*#0"}
dow C:/Users/georgewaller/Desktop/CameraProcessor/pss/Debug/pss.elf
configparams force-mem-access 0
----------------End of Script----------------

22:56:32 INFO  : Context for processor 'ps7_cortexa9_0' is selected.
22:56:32 INFO  : 'con' command is executed.
22:56:32 INFO  : ----------------XSDB Script (After Launch)----------------
targets -set -nocase -filter {name =~ "*A9*#0"}
con
----------------End of Script----------------

22:56:32 INFO  : Launch script is exported to file 'C:\Users\georgewaller\Desktop\CameraProcessor\pss_system\_ide\scripts\systemdebugger_pss_system_standalone.tcl'
22:58:02 INFO  : Disconnected from the channel tcfchan#41.
22:58:02 INFO  : Connected to target on host '127.0.0.1' and port '3121'.
22:58:02 INFO  : Jtag cable 'Digilent JTAG-HS3 210299A8DD1E' is selected.
22:58:02 INFO  : 'jtag frequency' command is executed.
22:58:02 INFO  : Context for 'APU' is selected.
22:58:03 INFO  : System reset is completed.
22:58:06 INFO  : 'after 3000' command is executed.
22:58:06 INFO  : 'targets -set -filter {jtag_cable_name =~ "Digilent JTAG-HS3 210299A8DD1E" && level==0 && jtag_device_ctx=="jsn-JTAG-HS3-210299A8DD1E-23728093-0"}' command is executed.
22:58:09 INFO  : Device configured successfully with "C:/Users/georgewaller/Desktop/CameraProcessor/pss/_ide/bitstream/camera.bit"
22:58:09 INFO  : Context for 'APU' is selected.
22:58:09 INFO  : Hardware design and registers information is loaded from 'C:/Users/georgewaller/Desktop/CameraProcessor/camera/export/camera/hw/camera.xsa'.
22:58:09 INFO  : 'configparams force-mem-access 1' command is executed.
22:58:09 INFO  : Context for 'APU' is selected.
22:58:09 INFO  : Sourcing of 'C:/Users/georgewaller/Desktop/CameraProcessor/pss/_ide/psinit/ps7_init.tcl' is done.
22:58:10 INFO  : 'ps7_init' command is executed.
22:58:10 INFO  : 'ps7_post_config' command is executed.
22:58:11 INFO  : Context for processor 'ps7_cortexa9_0' is selected.
22:58:12 INFO  : The application 'C:/Users/georgewaller/Desktop/CameraProcessor/pss/Debug/pss.elf' is downloaded to processor 'ps7_cortexa9_0'.
22:58:12 INFO  : 'configparams force-mem-access 0' command is executed.
22:58:12 INFO  : ----------------XSDB Script----------------
connect -url tcp:127.0.0.1:3121
targets -set -nocase -filter {name =~"APU*"}
rst -system
after 3000
targets -set -filter {jtag_cable_name =~ "Digilent JTAG-HS3 210299A8DD1E" && level==0 && jtag_device_ctx=="jsn-JTAG-HS3-210299A8DD1E-23728093-0"}
fpga -file C:/Users/georgewaller/Desktop/CameraProcessor/pss/_ide/bitstream/camera.bit
targets -set -nocase -filter {name =~"APU*"}
loadhw -hw C:/Users/georgewaller/Desktop/CameraProcessor/camera/export/camera/hw/camera.xsa -mem-ranges [list {0x40000000 0xbfffffff}] -regs
configparams force-mem-access 1
targets -set -nocase -filter {name =~"APU*"}
source C:/Users/georgewaller/Desktop/CameraProcessor/pss/_ide/psinit/ps7_init.tcl
ps7_init
ps7_post_config
targets -set -nocase -filter {name =~ "*A9*#0"}
dow C:/Users/georgewaller/Desktop/CameraProcessor/pss/Debug/pss.elf
configparams force-mem-access 0
----------------End of Script----------------

22:58:12 INFO  : Context for processor 'ps7_cortexa9_0' is selected.
22:58:12 INFO  : 'con' command is executed.
22:58:12 INFO  : ----------------XSDB Script (After Launch)----------------
targets -set -nocase -filter {name =~ "*A9*#0"}
con
----------------End of Script----------------

22:58:12 INFO  : Launch script is exported to file 'C:\Users\georgewaller\Desktop\CameraProcessor\pss_system\_ide\scripts\systemdebugger_pss_system_standalone.tcl'
