Nothing to build in platform 'camera'

09:34:33 **** Incremental Build of configuration Debug for project pss ****
make all 
C:/Vitis/Vitis/2023.1/gnuwin/bin/make --no-print-directory pre-build
a9-linaro-pre-build-step
' '
C:/Vitis/Vitis/2023.1/gnuwin/bin/make --no-print-directory main-build
'Building file: ../src/sensor.c'
'Invoking: ARM v7 gcc compiler'
arm-none-eabi-gcc -Wall -O0 -g3 -I"C:\Users\georgewaller\Desktop\CameraProcessor\pss\src" -IC:/Users/georgewaller/Desktop/CameraProcessor/camera/export/camera/sw/camera/freertos10_xilinx_domain/bspinclude/include -I"C:\Users\georgewaller\Desktop\CameraProcessor\pss\gsembedlib\ssd1309z" -I"C:\Users\georgewaller\Desktop\CameraProcessor\pss\gsembedlib\log" -I"C:\Users\georgewaller\Desktop\CameraProcessor\pss\gsembedlib\gmax0505" -c -fmessage-length=0 -MT"src/sensor.o" -mcpu=cortex-a9 -mfpu=vfpv3 -mfloat-abi=hard -IC:/Users/georgewaller/Desktop/CameraProcessor/camera/export/camera/sw/camera/freertos10_xilinx_domain/bspinclude/include -MMD -MP -MF"src/sensor.d" -MT"src/sensor.o" -o "src/sensor.o" "../src/sensor.c"
../src/sensor.c: In function 'sensor_set_sync':
../src/sensor.c:290:14: warning: operation on 'data' may be undefined [-Wsequence-point]
  290 |         data = en ? (data |= SENSOR_GPIO_SYNC_EN) : (data &= ~SENSOR_GPIO_SYNC_EN);
      |         ~~~~~^~~~~~~~~~~~~~~~~~~~~~~~~~~~~~~~~~~~~~~~~~~~~~~~~~~~~~~~~~~~~~~~~~~~~
'Finished building: ../src/sensor.c'
' '
'Building target: pss.elf'
'Invoking: ARM v7 gcc linker'
arm-none-eabi-gcc -mcpu=cortex-a9 -mfpu=vfpv3 -mfloat-abi=hard -Wl,-build-id=none -specs=Xilinx.spec -Wl,-T -Wl,../src/lscript.ld -LC:/Users/georgewaller/Desktop/CameraProcessor/camera/export/camera/sw/camera/freertos10_xilinx_domain/bsplib/lib -o "pss.elf"  ./src/gpio.o ./src/gui.o ./src/logging.o ./src/main.o ./src/sensor.o ./src/stream.o ./src/sys.o  ./gsembedlib/ssd1309z/ssd1309z.o  ./gsembedlib/log/log.o  ./gsembedlib/gmax0505/gmax0505.o   -Wl,--start-group,-lxil,-lfreertos,-lgcc,-lc,--end-group -Wl,--start-group,-lxilffs,-lxil,-lgcc,-lc,--end-group
'Finished building target: pss.elf'
' '
'Invoking: ARM v7 Print Size'
arm-none-eabi-size pss.elf  |tee "pss.elf.size"
   text	   data	    bss	    dec	    hex	filename
 103272	   3568	66930232	67037072	3fee790	pss.elf
'Finished building: pss.elf.size'
' '
09:34:35 **** Incremental Build of configuration Debug for project pss_system ****
make all 
Generating bif file for the system project
generate_system_bif.bat 52023 C:/Users/georgewaller/Desktop/CameraProcessor/camera/export/camera/camera.xpfm freertos10_xilinx_domain C:/Users/georgewaller/Desktop/CameraProcessor/pss_system/Debug/system.bif
ECHO is off.
ECHO is off.
sdcard_gen --xpfm C:/Users/georgewaller/Desktop/CameraProcessor/camera/export/camera/camera.xpfm --sys_config camera --bif C:/Users/georgewaller/Desktop/CameraProcessor/pss_system/Debug/system.bif --bitstream C:/Users/georgewaller/Desktop/CameraProcessor/pss/_ide/bitstream/camera.bit --elf C:/Users/georgewaller/Desktop/CameraProcessor/pss/Debug/pss.elf,ps7_cortexa9_0
ECHO is off.
ECHO is off.
creating BOOT.BIN using C:/Users/georgewaller/Desktop/CameraProcessor/pss/_ide/bitstream/camera.bit
Running C:/Vitis/Vitis/2023.1/bin/bootgen  -image C:/Users/georgewaller/Desktop/CameraProcessor/pss_system/Debug/sd_card_temp/boot.bif -w -o i BOOT.BIN
